{"C:\\Users\\GEOVANI\\Documents\\DMCHALLgit\\DM-CHALLv2\\dist\\tests\\unit_tests\\index.js":{"path":"C:\\Users\\GEOVANI\\Documents\\DMCHALLgit\\DM-CHALLv2\\dist\\tests\\unit_tests\\index.js","statementMap":{"0":{"start":{"line":2,"column":16},"end":{"line":10,"column":1}},"1":{"start":{"line":3,"column":28},"end":{"line":3,"column":110}},"2":{"start":{"line":3,"column":91},"end":{"line":3,"column":106}},"3":{"start":{"line":4,"column":4},"end":{"line":9,"column":7}},"4":{"start":{"line":5,"column":36},"end":{"line":5,"column":97}},"5":{"start":{"line":5,"column":42},"end":{"line":5,"column":70}},"6":{"start":{"line":5,"column":85},"end":{"line":5,"column":95}},"7":{"start":{"line":6,"column":35},"end":{"line":6,"column":100}},"8":{"start":{"line":6,"column":41},"end":{"line":6,"column":73}},"9":{"start":{"line":6,"column":88},"end":{"line":6,"column":98}},"10":{"start":{"line":7,"column":32},"end":{"line":7,"column":116}},"11":{"start":{"line":8,"column":8},"end":{"line":8,"column":78}},"12":{"start":{"line":11,"column":0},"end":{"line":11,"column":62}},"13":{"start":{"line":12,"column":15},"end":{"line":12,"column":30}},"14":{"start":{"line":13,"column":30},"end":{"line":13,"column":91}},"15":{"start":{"line":14,"column":23},"end":{"line":14,"column":75}},"16":{"start":{"line":15,"column":25},"end":{"line":15,"column":79}},"17":{"start":{"line":16,"column":26},"end":{"line":16,"column":81}},"18":{"start":{"line":17,"column":21},"end":{"line":17,"column":55}},"19":{"start":{"line":18,"column":19},"end":{"line":18,"column":51}},"20":{"start":{"line":19,"column":0},"end":{"line":30,"column":3}},"21":{"start":{"line":20,"column":4},"end":{"line":24,"column":8}},"22":{"start":{"line":20,"column":33},"end":{"line":24,"column":6}},"23":{"start":{"line":21,"column":30},"end":{"line":21,"column":90}},"24":{"start":{"line":22,"column":27},"end":{"line":22,"column":102}},"25":{"start":{"line":23,"column":8},"end":{"line":23,"column":190}},"26":{"start":{"line":25,"column":4},"end":{"line":29,"column":8}},"27":{"start":{"line":25,"column":37},"end":{"line":29,"column":6}},"28":{"start":{"line":26,"column":30},"end":{"line":26,"column":90}},"29":{"start":{"line":27,"column":27},"end":{"line":27,"column":102}},"30":{"start":{"line":28,"column":8},"end":{"line":28,"column":145}},"31":{"start":{"line":31,"column":0},"end":{"line":158,"column":3}},"32":{"start":{"line":32,"column":4},"end":{"line":37,"column":8}},"33":{"start":{"line":32,"column":33},"end":{"line":37,"column":6}},"34":{"start":{"line":33,"column":28},"end":{"line":33,"column":30}},"35":{"start":{"line":34,"column":30},"end":{"line":34,"column":90}},"36":{"start":{"line":35,"column":25},"end":{"line":35,"column":105}},"37":{"start":{"line":36,"column":8},"end":{"line":36,"column":132}},"38":{"start":{"line":38,"column":4},"end":{"line":43,"column":8}},"39":{"start":{"line":38,"column":33},"end":{"line":43,"column":6}},"40":{"start":{"line":39,"column":28},"end":{"line":39,"column":30}},"41":{"start":{"line":40,"column":30},"end":{"line":40,"column":90}},"42":{"start":{"line":41,"column":25},"end":{"line":41,"column":105}},"43":{"start":{"line":42,"column":8},"end":{"line":42,"column":133}},"44":{"start":{"line":44,"column":4},"end":{"line":49,"column":8}},"45":{"start":{"line":44,"column":33},"end":{"line":49,"column":6}},"46":{"start":{"line":45,"column":28},"end":{"line":45,"column":30}},"47":{"start":{"line":46,"column":30},"end":{"line":46,"column":90}},"48":{"start":{"line":47,"column":25},"end":{"line":47,"column":105}},"49":{"start":{"line":48,"column":8},"end":{"line":48,"column":134}},"50":{"start":{"line":50,"column":4},"end":{"line":55,"column":8}},"51":{"start":{"line":50,"column":33},"end":{"line":55,"column":6}},"52":{"start":{"line":51,"column":28},"end":{"line":51,"column":30}},"53":{"start":{"line":52,"column":30},"end":{"line":52,"column":90}},"54":{"start":{"line":53,"column":25},"end":{"line":53,"column":105}},"55":{"start":{"line":54,"column":8},"end":{"line":54,"column":140}},"56":{"start":{"line":56,"column":4},"end":{"line":61,"column":8}},"57":{"start":{"line":56,"column":33},"end":{"line":61,"column":6}},"58":{"start":{"line":57,"column":28},"end":{"line":57,"column":30}},"59":{"start":{"line":58,"column":30},"end":{"line":58,"column":90}},"60":{"start":{"line":59,"column":25},"end":{"line":59,"column":105}},"61":{"start":{"line":60,"column":8},"end":{"line":60,"column":148}},"62":{"start":{"line":62,"column":4},"end":{"line":67,"column":8}},"63":{"start":{"line":62,"column":33},"end":{"line":67,"column":6}},"64":{"start":{"line":63,"column":28},"end":{"line":63,"column":30}},"65":{"start":{"line":64,"column":30},"end":{"line":64,"column":90}},"66":{"start":{"line":65,"column":25},"end":{"line":65,"column":105}},"67":{"start":{"line":66,"column":8},"end":{"line":66,"column":147}},"68":{"start":{"line":68,"column":4},"end":{"line":73,"column":8}},"69":{"start":{"line":68,"column":33},"end":{"line":73,"column":6}},"70":{"start":{"line":69,"column":28},"end":{"line":69,"column":30}},"71":{"start":{"line":70,"column":30},"end":{"line":70,"column":90}},"72":{"start":{"line":71,"column":25},"end":{"line":71,"column":105}},"73":{"start":{"line":72,"column":8},"end":{"line":72,"column":161}},"74":{"start":{"line":74,"column":4},"end":{"line":79,"column":8}},"75":{"start":{"line":74,"column":33},"end":{"line":79,"column":6}},"76":{"start":{"line":75,"column":28},"end":{"line":75,"column":30}},"77":{"start":{"line":76,"column":30},"end":{"line":76,"column":90}},"78":{"start":{"line":77,"column":25},"end":{"line":77,"column":105}},"79":{"start":{"line":78,"column":8},"end":{"line":78,"column":161}},"80":{"start":{"line":80,"column":4},"end":{"line":85,"column":8}},"81":{"start":{"line":80,"column":33},"end":{"line":85,"column":6}},"82":{"start":{"line":81,"column":28},"end":{"line":81,"column":30}},"83":{"start":{"line":82,"column":30},"end":{"line":82,"column":90}},"84":{"start":{"line":83,"column":25},"end":{"line":83,"column":105}},"85":{"start":{"line":84,"column":8},"end":{"line":84,"column":162}},"86":{"start":{"line":86,"column":4},"end":{"line":91,"column":8}},"87":{"start":{"line":86,"column":34},"end":{"line":91,"column":6}},"88":{"start":{"line":87,"column":28},"end":{"line":87,"column":30}},"89":{"start":{"line":88,"column":30},"end":{"line":88,"column":90}},"90":{"start":{"line":89,"column":25},"end":{"line":89,"column":105}},"91":{"start":{"line":90,"column":8},"end":{"line":90,"column":163}},"92":{"start":{"line":92,"column":4},"end":{"line":97,"column":8}},"93":{"start":{"line":92,"column":34},"end":{"line":97,"column":6}},"94":{"start":{"line":93,"column":28},"end":{"line":93,"column":30}},"95":{"start":{"line":94,"column":30},"end":{"line":94,"column":90}},"96":{"start":{"line":95,"column":25},"end":{"line":95,"column":105}},"97":{"start":{"line":96,"column":8},"end":{"line":96,"column":160}},"98":{"start":{"line":98,"column":4},"end":{"line":103,"column":8}},"99":{"start":{"line":98,"column":34},"end":{"line":103,"column":6}},"100":{"start":{"line":99,"column":28},"end":{"line":99,"column":30}},"101":{"start":{"line":100,"column":30},"end":{"line":100,"column":90}},"102":{"start":{"line":101,"column":25},"end":{"line":101,"column":105}},"103":{"start":{"line":102,"column":8},"end":{"line":102,"column":134}},"104":{"start":{"line":104,"column":4},"end":{"line":109,"column":8}},"105":{"start":{"line":104,"column":34},"end":{"line":109,"column":6}},"106":{"start":{"line":105,"column":28},"end":{"line":105,"column":30}},"107":{"start":{"line":106,"column":30},"end":{"line":106,"column":90}},"108":{"start":{"line":107,"column":25},"end":{"line":107,"column":105}},"109":{"start":{"line":108,"column":8},"end":{"line":108,"column":139}},"110":{"start":{"line":110,"column":4},"end":{"line":115,"column":8}},"111":{"start":{"line":110,"column":36},"end":{"line":115,"column":6}},"112":{"start":{"line":111,"column":28},"end":{"line":111,"column":30}},"113":{"start":{"line":112,"column":30},"end":{"line":112,"column":90}},"114":{"start":{"line":113,"column":25},"end":{"line":113,"column":105}},"115":{"start":{"line":114,"column":8},"end":{"line":114,"column":162}},"116":{"start":{"line":116,"column":4},"end":{"line":121,"column":8}},"117":{"start":{"line":116,"column":36},"end":{"line":121,"column":6}},"118":{"start":{"line":117,"column":28},"end":{"line":117,"column":30}},"119":{"start":{"line":118,"column":30},"end":{"line":118,"column":90}},"120":{"start":{"line":119,"column":25},"end":{"line":119,"column":105}},"121":{"start":{"line":120,"column":8},"end":{"line":120,"column":195}},"122":{"start":{"line":122,"column":4},"end":{"line":127,"column":8}},"123":{"start":{"line":122,"column":41},"end":{"line":127,"column":6}},"124":{"start":{"line":123,"column":28},"end":{"line":123,"column":30}},"125":{"start":{"line":124,"column":30},"end":{"line":124,"column":90}},"126":{"start":{"line":125,"column":25},"end":{"line":125,"column":105}},"127":{"start":{"line":126,"column":8},"end":{"line":126,"column":165}},"128":{"start":{"line":128,"column":4},"end":{"line":133,"column":8}},"129":{"start":{"line":128,"column":41},"end":{"line":133,"column":6}},"130":{"start":{"line":129,"column":28},"end":{"line":129,"column":30}},"131":{"start":{"line":130,"column":30},"end":{"line":130,"column":90}},"132":{"start":{"line":131,"column":25},"end":{"line":131,"column":105}},"133":{"start":{"line":132,"column":8},"end":{"line":132,"column":230}},"134":{"start":{"line":134,"column":4},"end":{"line":141,"column":8}},"135":{"start":{"line":134,"column":41},"end":{"line":141,"column":6}},"136":{"start":{"line":135,"column":28},"end":{"line":135,"column":30}},"137":{"start":{"line":136,"column":30},"end":{"line":138,"column":9}},"138":{"start":{"line":139,"column":25},"end":{"line":139,"column":105}},"139":{"start":{"line":140,"column":8},"end":{"line":140,"column":226}},"140":{"start":{"line":142,"column":4},"end":{"line":149,"column":8}},"141":{"start":{"line":142,"column":41},"end":{"line":149,"column":6}},"142":{"start":{"line":143,"column":28},"end":{"line":143,"column":30}},"143":{"start":{"line":144,"column":30},"end":{"line":146,"column":9}},"144":{"start":{"line":147,"column":25},"end":{"line":147,"column":105}},"145":{"start":{"line":148,"column":8},"end":{"line":148,"column":230}},"146":{"start":{"line":150,"column":4},"end":{"line":157,"column":8}},"147":{"start":{"line":150,"column":41},"end":{"line":157,"column":6}},"148":{"start":{"line":151,"column":28},"end":{"line":151,"column":30}},"149":{"start":{"line":152,"column":30},"end":{"line":154,"column":9}},"150":{"start":{"line":155,"column":25},"end":{"line":155,"column":105}},"151":{"start":{"line":156,"column":8},"end":{"line":156,"column":306}},"152":{"start":{"line":159,"column":0},"end":{"line":193,"column":3}},"153":{"start":{"line":160,"column":4},"end":{"line":165,"column":8}},"154":{"start":{"line":160,"column":28},"end":{"line":165,"column":6}},"155":{"start":{"line":161,"column":28},"end":{"line":161,"column":30}},"156":{"start":{"line":162,"column":30},"end":{"line":162,"column":90}},"157":{"start":{"line":163,"column":25},"end":{"line":163,"column":105}},"158":{"start":{"line":164,"column":8},"end":{"line":164,"column":130}},"159":{"start":{"line":166,"column":4},"end":{"line":176,"column":8}},"160":{"start":{"line":166,"column":26},"end":{"line":176,"column":6}},"161":{"start":{"line":167,"column":26},"end":{"line":171,"column":9}},"162":{"start":{"line":172,"column":28},"end":{"line":172,"column":39}},"163":{"start":{"line":173,"column":30},"end":{"line":173,"column":90}},"164":{"start":{"line":174,"column":25},"end":{"line":174,"column":105}},"165":{"start":{"line":175,"column":8},"end":{"line":175,"column":139}},"166":{"start":{"line":177,"column":4},"end":{"line":192,"column":8}},"167":{"start":{"line":177,"column":36},"end":{"line":192,"column":6}},"168":{"start":{"line":178,"column":26},"end":{"line":182,"column":9}},"169":{"start":{"line":183,"column":27},"end":{"line":187,"column":9}},"170":{"start":{"line":188,"column":28},"end":{"line":188,"column":51}},"171":{"start":{"line":189,"column":30},"end":{"line":189,"column":90}},"172":{"start":{"line":190,"column":25},"end":{"line":190,"column":105}},"173":{"start":{"line":191,"column":8},"end":{"line":191,"column":139}},"174":{"start":{"line":194,"column":0},"end":{"line":217,"column":3}},"175":{"start":{"line":195,"column":4},"end":{"line":205,"column":8}},"176":{"start":{"line":195,"column":31},"end":{"line":205,"column":6}},"177":{"start":{"line":196,"column":26},"end":{"line":200,"column":9}},"178":{"start":{"line":201,"column":28},"end":{"line":201,"column":39}},"179":{"start":{"line":202,"column":30},"end":{"line":202,"column":90}},"180":{"start":{"line":203,"column":25},"end":{"line":203,"column":105}},"181":{"start":{"line":204,"column":8},"end":{"line":204,"column":129}},"182":{"start":{"line":206,"column":4},"end":{"line":216,"column":8}},"183":{"start":{"line":206,"column":35},"end":{"line":216,"column":6}},"184":{"start":{"line":207,"column":26},"end":{"line":211,"column":9}},"185":{"start":{"line":212,"column":28},"end":{"line":212,"column":39}},"186":{"start":{"line":213,"column":30},"end":{"line":213,"column":90}},"187":{"start":{"line":214,"column":25},"end":{"line":214,"column":105}},"188":{"start":{"line":215,"column":8},"end":{"line":215,"column":128}},"189":{"start":{"line":218,"column":0},"end":{"line":260,"column":3}},"190":{"start":{"line":219,"column":4},"end":{"line":221,"column":7}},"191":{"start":{"line":220,"column":8},"end":{"line":220,"column":88}},"192":{"start":{"line":220,"column":35},"end":{"line":220,"column":66}},"193":{"start":{"line":222,"column":4},"end":{"line":236,"column":7}},"194":{"start":{"line":223,"column":21},"end":{"line":223,"column":88}},"195":{"start":{"line":224,"column":20},"end":{"line":234,"column":9}},"196":{"start":{"line":235,"column":8},"end":{"line":235,"column":72}},"197":{"start":{"line":237,"column":4},"end":{"line":259,"column":7}},"198":{"start":{"line":238,"column":21},"end":{"line":241,"column":9}},"199":{"start":{"line":242,"column":20},"end":{"line":257,"column":9}},"200":{"start":{"line":258,"column":8},"end":{"line":258,"column":72}},"201":{"start":{"line":261,"column":0},"end":{"line":367,"column":3}},"202":{"start":{"line":262,"column":4},"end":{"line":264,"column":7}},"203":{"start":{"line":263,"column":8},"end":{"line":263,"column":73}},"204":{"start":{"line":265,"column":4},"end":{"line":281,"column":7}},"205":{"start":{"line":266,"column":21},"end":{"line":268,"column":9}},"206":{"start":{"line":269,"column":20},"end":{"line":279,"column":14}},"207":{"start":{"line":280,"column":8},"end":{"line":280,"column":76}},"208":{"start":{"line":282,"column":4},"end":{"line":312,"column":7}},"209":{"start":{"line":283,"column":21},"end":{"line":286,"column":9}},"210":{"start":{"line":287,"column":20},"end":{"line":310,"column":9}},"211":{"start":{"line":311,"column":8},"end":{"line":311,"column":76}},"212":{"start":{"line":313,"column":4},"end":{"line":366,"column":7}},"213":{"start":{"line":314,"column":21},"end":{"line":321,"column":9}},"214":{"start":{"line":322,"column":20},"end":{"line":364,"column":9}},"215":{"start":{"line":365,"column":8},"end":{"line":365,"column":76}}},"fnMap":{"0":{"name":"(anonymous_0)","decl":{"start":{"line":2,"column":44},"end":{"line":2,"column":45}},"loc":{"start":{"line":2,"column":89},"end":{"line":10,"column":1}},"line":2},"1":{"name":"adopt","decl":{"start":{"line":3,"column":13},"end":{"line":3,"column":18}},"loc":{"start":{"line":3,"column":26},"end":{"line":3,"column":112}},"line":3},"2":{"name":"(anonymous_2)","decl":{"start":{"line":3,"column":70},"end":{"line":3,"column":71}},"loc":{"start":{"line":3,"column":89},"end":{"line":3,"column":108}},"line":3},"3":{"name":"(anonymous_3)","decl":{"start":{"line":4,"column":36},"end":{"line":4,"column":37}},"loc":{"start":{"line":4,"column":63},"end":{"line":9,"column":5}},"line":4},"4":{"name":"fulfilled","decl":{"start":{"line":5,"column":17},"end":{"line":5,"column":26}},"loc":{"start":{"line":5,"column":34},"end":{"line":5,"column":99}},"line":5},"5":{"name":"rejected","decl":{"start":{"line":6,"column":17},"end":{"line":6,"column":25}},"loc":{"start":{"line":6,"column":33},"end":{"line":6,"column":102}},"line":6},"6":{"name":"step","decl":{"start":{"line":7,"column":17},"end":{"line":7,"column":21}},"loc":{"start":{"line":7,"column":30},"end":{"line":7,"column":118}},"line":7},"7":{"name":"(anonymous_7)","decl":{"start":{"line":19,"column":32},"end":{"line":19,"column":33}},"loc":{"start":{"line":19,"column":38},"end":{"line":30,"column":1}},"line":19},"8":{"name":"(anonymous_8)","decl":{"start":{"line":20,"column":27},"end":{"line":20,"column":28}},"loc":{"start":{"line":20,"column":33},"end":{"line":24,"column":6}},"line":20},"9":{"name":"(anonymous_9)","decl":{"start":{"line":20,"column":67},"end":{"line":20,"column":68}},"loc":{"start":{"line":20,"column":80},"end":{"line":24,"column":5}},"line":20},"10":{"name":"(anonymous_10)","decl":{"start":{"line":25,"column":31},"end":{"line":25,"column":32}},"loc":{"start":{"line":25,"column":37},"end":{"line":29,"column":6}},"line":25},"11":{"name":"(anonymous_11)","decl":{"start":{"line":25,"column":71},"end":{"line":25,"column":72}},"loc":{"start":{"line":25,"column":84},"end":{"line":29,"column":5}},"line":25},"12":{"name":"(anonymous_12)","decl":{"start":{"line":31,"column":25},"end":{"line":31,"column":26}},"loc":{"start":{"line":31,"column":31},"end":{"line":158,"column":1}},"line":31},"13":{"name":"(anonymous_13)","decl":{"start":{"line":32,"column":27},"end":{"line":32,"column":28}},"loc":{"start":{"line":32,"column":33},"end":{"line":37,"column":6}},"line":32},"14":{"name":"(anonymous_14)","decl":{"start":{"line":32,"column":67},"end":{"line":32,"column":68}},"loc":{"start":{"line":32,"column":80},"end":{"line":37,"column":5}},"line":32},"15":{"name":"(anonymous_15)","decl":{"start":{"line":38,"column":27},"end":{"line":38,"column":28}},"loc":{"start":{"line":38,"column":33},"end":{"line":43,"column":6}},"line":38},"16":{"name":"(anonymous_16)","decl":{"start":{"line":38,"column":67},"end":{"line":38,"column":68}},"loc":{"start":{"line":38,"column":80},"end":{"line":43,"column":5}},"line":38},"17":{"name":"(anonymous_17)","decl":{"start":{"line":44,"column":27},"end":{"line":44,"column":28}},"loc":{"start":{"line":44,"column":33},"end":{"line":49,"column":6}},"line":44},"18":{"name":"(anonymous_18)","decl":{"start":{"line":44,"column":67},"end":{"line":44,"column":68}},"loc":{"start":{"line":44,"column":80},"end":{"line":49,"column":5}},"line":44},"19":{"name":"(anonymous_19)","decl":{"start":{"line":50,"column":27},"end":{"line":50,"column":28}},"loc":{"start":{"line":50,"column":33},"end":{"line":55,"column":6}},"line":50},"20":{"name":"(anonymous_20)","decl":{"start":{"line":50,"column":67},"end":{"line":50,"column":68}},"loc":{"start":{"line":50,"column":80},"end":{"line":55,"column":5}},"line":50},"21":{"name":"(anonymous_21)","decl":{"start":{"line":56,"column":27},"end":{"line":56,"column":28}},"loc":{"start":{"line":56,"column":33},"end":{"line":61,"column":6}},"line":56},"22":{"name":"(anonymous_22)","decl":{"start":{"line":56,"column":67},"end":{"line":56,"column":68}},"loc":{"start":{"line":56,"column":80},"end":{"line":61,"column":5}},"line":56},"23":{"name":"(anonymous_23)","decl":{"start":{"line":62,"column":27},"end":{"line":62,"column":28}},"loc":{"start":{"line":62,"column":33},"end":{"line":67,"column":6}},"line":62},"24":{"name":"(anonymous_24)","decl":{"start":{"line":62,"column":67},"end":{"line":62,"column":68}},"loc":{"start":{"line":62,"column":80},"end":{"line":67,"column":5}},"line":62},"25":{"name":"(anonymous_25)","decl":{"start":{"line":68,"column":27},"end":{"line":68,"column":28}},"loc":{"start":{"line":68,"column":33},"end":{"line":73,"column":6}},"line":68},"26":{"name":"(anonymous_26)","decl":{"start":{"line":68,"column":67},"end":{"line":68,"column":68}},"loc":{"start":{"line":68,"column":80},"end":{"line":73,"column":5}},"line":68},"27":{"name":"(anonymous_27)","decl":{"start":{"line":74,"column":27},"end":{"line":74,"column":28}},"loc":{"start":{"line":74,"column":33},"end":{"line":79,"column":6}},"line":74},"28":{"name":"(anonymous_28)","decl":{"start":{"line":74,"column":67},"end":{"line":74,"column":68}},"loc":{"start":{"line":74,"column":80},"end":{"line":79,"column":5}},"line":74},"29":{"name":"(anonymous_29)","decl":{"start":{"line":80,"column":27},"end":{"line":80,"column":28}},"loc":{"start":{"line":80,"column":33},"end":{"line":85,"column":6}},"line":80},"30":{"name":"(anonymous_30)","decl":{"start":{"line":80,"column":67},"end":{"line":80,"column":68}},"loc":{"start":{"line":80,"column":80},"end":{"line":85,"column":5}},"line":80},"31":{"name":"(anonymous_31)","decl":{"start":{"line":86,"column":28},"end":{"line":86,"column":29}},"loc":{"start":{"line":86,"column":34},"end":{"line":91,"column":6}},"line":86},"32":{"name":"(anonymous_32)","decl":{"start":{"line":86,"column":68},"end":{"line":86,"column":69}},"loc":{"start":{"line":86,"column":81},"end":{"line":91,"column":5}},"line":86},"33":{"name":"(anonymous_33)","decl":{"start":{"line":92,"column":28},"end":{"line":92,"column":29}},"loc":{"start":{"line":92,"column":34},"end":{"line":97,"column":6}},"line":92},"34":{"name":"(anonymous_34)","decl":{"start":{"line":92,"column":68},"end":{"line":92,"column":69}},"loc":{"start":{"line":92,"column":81},"end":{"line":97,"column":5}},"line":92},"35":{"name":"(anonymous_35)","decl":{"start":{"line":98,"column":28},"end":{"line":98,"column":29}},"loc":{"start":{"line":98,"column":34},"end":{"line":103,"column":6}},"line":98},"36":{"name":"(anonymous_36)","decl":{"start":{"line":98,"column":68},"end":{"line":98,"column":69}},"loc":{"start":{"line":98,"column":81},"end":{"line":103,"column":5}},"line":98},"37":{"name":"(anonymous_37)","decl":{"start":{"line":104,"column":28},"end":{"line":104,"column":29}},"loc":{"start":{"line":104,"column":34},"end":{"line":109,"column":6}},"line":104},"38":{"name":"(anonymous_38)","decl":{"start":{"line":104,"column":68},"end":{"line":104,"column":69}},"loc":{"start":{"line":104,"column":81},"end":{"line":109,"column":5}},"line":104},"39":{"name":"(anonymous_39)","decl":{"start":{"line":110,"column":30},"end":{"line":110,"column":31}},"loc":{"start":{"line":110,"column":36},"end":{"line":115,"column":6}},"line":110},"40":{"name":"(anonymous_40)","decl":{"start":{"line":110,"column":70},"end":{"line":110,"column":71}},"loc":{"start":{"line":110,"column":83},"end":{"line":115,"column":5}},"line":110},"41":{"name":"(anonymous_41)","decl":{"start":{"line":116,"column":30},"end":{"line":116,"column":31}},"loc":{"start":{"line":116,"column":36},"end":{"line":121,"column":6}},"line":116},"42":{"name":"(anonymous_42)","decl":{"start":{"line":116,"column":70},"end":{"line":116,"column":71}},"loc":{"start":{"line":116,"column":83},"end":{"line":121,"column":5}},"line":116},"43":{"name":"(anonymous_43)","decl":{"start":{"line":122,"column":35},"end":{"line":122,"column":36}},"loc":{"start":{"line":122,"column":41},"end":{"line":127,"column":6}},"line":122},"44":{"name":"(anonymous_44)","decl":{"start":{"line":122,"column":75},"end":{"line":122,"column":76}},"loc":{"start":{"line":122,"column":88},"end":{"line":127,"column":5}},"line":122},"45":{"name":"(anonymous_45)","decl":{"start":{"line":128,"column":35},"end":{"line":128,"column":36}},"loc":{"start":{"line":128,"column":41},"end":{"line":133,"column":6}},"line":128},"46":{"name":"(anonymous_46)","decl":{"start":{"line":128,"column":75},"end":{"line":128,"column":76}},"loc":{"start":{"line":128,"column":88},"end":{"line":133,"column":5}},"line":128},"47":{"name":"(anonymous_47)","decl":{"start":{"line":134,"column":35},"end":{"line":134,"column":36}},"loc":{"start":{"line":134,"column":41},"end":{"line":141,"column":6}},"line":134},"48":{"name":"(anonymous_48)","decl":{"start":{"line":134,"column":75},"end":{"line":134,"column":76}},"loc":{"start":{"line":134,"column":88},"end":{"line":141,"column":5}},"line":134},"49":{"name":"(anonymous_49)","decl":{"start":{"line":142,"column":35},"end":{"line":142,"column":36}},"loc":{"start":{"line":142,"column":41},"end":{"line":149,"column":6}},"line":142},"50":{"name":"(anonymous_50)","decl":{"start":{"line":142,"column":75},"end":{"line":142,"column":76}},"loc":{"start":{"line":142,"column":88},"end":{"line":149,"column":5}},"line":142},"51":{"name":"(anonymous_51)","decl":{"start":{"line":150,"column":35},"end":{"line":150,"column":36}},"loc":{"start":{"line":150,"column":41},"end":{"line":157,"column":6}},"line":150},"52":{"name":"(anonymous_52)","decl":{"start":{"line":150,"column":75},"end":{"line":150,"column":76}},"loc":{"start":{"line":150,"column":88},"end":{"line":157,"column":5}},"line":150},"53":{"name":"(anonymous_53)","decl":{"start":{"line":159,"column":27},"end":{"line":159,"column":28}},"loc":{"start":{"line":159,"column":33},"end":{"line":193,"column":1}},"line":159},"54":{"name":"(anonymous_54)","decl":{"start":{"line":160,"column":22},"end":{"line":160,"column":23}},"loc":{"start":{"line":160,"column":28},"end":{"line":165,"column":6}},"line":160},"55":{"name":"(anonymous_55)","decl":{"start":{"line":160,"column":62},"end":{"line":160,"column":63}},"loc":{"start":{"line":160,"column":75},"end":{"line":165,"column":5}},"line":160},"56":{"name":"(anonymous_56)","decl":{"start":{"line":166,"column":20},"end":{"line":166,"column":21}},"loc":{"start":{"line":166,"column":26},"end":{"line":176,"column":6}},"line":166},"57":{"name":"(anonymous_57)","decl":{"start":{"line":166,"column":60},"end":{"line":166,"column":61}},"loc":{"start":{"line":166,"column":73},"end":{"line":176,"column":5}},"line":166},"58":{"name":"(anonymous_58)","decl":{"start":{"line":177,"column":30},"end":{"line":177,"column":31}},"loc":{"start":{"line":177,"column":36},"end":{"line":192,"column":6}},"line":177},"59":{"name":"(anonymous_59)","decl":{"start":{"line":177,"column":70},"end":{"line":177,"column":71}},"loc":{"start":{"line":177,"column":83},"end":{"line":192,"column":5}},"line":177},"60":{"name":"(anonymous_60)","decl":{"start":{"line":194,"column":28},"end":{"line":194,"column":29}},"loc":{"start":{"line":194,"column":34},"end":{"line":217,"column":1}},"line":194},"61":{"name":"(anonymous_61)","decl":{"start":{"line":195,"column":25},"end":{"line":195,"column":26}},"loc":{"start":{"line":195,"column":31},"end":{"line":205,"column":6}},"line":195},"62":{"name":"(anonymous_62)","decl":{"start":{"line":195,"column":65},"end":{"line":195,"column":66}},"loc":{"start":{"line":195,"column":78},"end":{"line":205,"column":5}},"line":195},"63":{"name":"(anonymous_63)","decl":{"start":{"line":206,"column":29},"end":{"line":206,"column":30}},"loc":{"start":{"line":206,"column":35},"end":{"line":216,"column":6}},"line":206},"64":{"name":"(anonymous_64)","decl":{"start":{"line":206,"column":69},"end":{"line":206,"column":70}},"loc":{"start":{"line":206,"column":82},"end":{"line":216,"column":5}},"line":206},"65":{"name":"(anonymous_65)","decl":{"start":{"line":218,"column":25},"end":{"line":218,"column":26}},"loc":{"start":{"line":218,"column":31},"end":{"line":260,"column":1}},"line":218},"66":{"name":"(anonymous_66)","decl":{"start":{"line":219,"column":34},"end":{"line":219,"column":35}},"loc":{"start":{"line":219,"column":40},"end":{"line":221,"column":5}},"line":219},"67":{"name":"(anonymous_67)","decl":{"start":{"line":220,"column":29},"end":{"line":220,"column":30}},"loc":{"start":{"line":220,"column":35},"end":{"line":220,"column":66}},"line":220},"68":{"name":"(anonymous_68)","decl":{"start":{"line":222,"column":42},"end":{"line":222,"column":43}},"loc":{"start":{"line":222,"column":48},"end":{"line":236,"column":5}},"line":222},"69":{"name":"(anonymous_69)","decl":{"start":{"line":237,"column":49},"end":{"line":237,"column":50}},"loc":{"start":{"line":237,"column":55},"end":{"line":259,"column":5}},"line":237},"70":{"name":"(anonymous_70)","decl":{"start":{"line":261,"column":30},"end":{"line":261,"column":31}},"loc":{"start":{"line":261,"column":36},"end":{"line":367,"column":1}},"line":261},"71":{"name":"(anonymous_71)","decl":{"start":{"line":262,"column":22},"end":{"line":262,"column":23}},"loc":{"start":{"line":262,"column":28},"end":{"line":264,"column":5}},"line":262},"72":{"name":"(anonymous_72)","decl":{"start":{"line":265,"column":20},"end":{"line":265,"column":21}},"loc":{"start":{"line":265,"column":26},"end":{"line":281,"column":5}},"line":265},"73":{"name":"(anonymous_73)","decl":{"start":{"line":282,"column":30},"end":{"line":282,"column":31}},"loc":{"start":{"line":282,"column":36},"end":{"line":312,"column":5}},"line":282},"74":{"name":"(anonymous_74)","decl":{"start":{"line":313,"column":58},"end":{"line":313,"column":59}},"loc":{"start":{"line":313,"column":64},"end":{"line":366,"column":5}},"line":313}},"branchMap":{"0":{"loc":{"start":{"line":2,"column":16},"end":{"line":10,"column":1}},"type":"binary-expr","locations":[{"start":{"line":2,"column":17},"end":{"line":2,"column":21}},{"start":{"line":2,"column":25},"end":{"line":2,"column":39}},{"start":{"line":2,"column":44},"end":{"line":10,"column":1}}],"line":2},"1":{"loc":{"start":{"line":3,"column":35},"end":{"line":3,"column":109}},"type":"cond-expr","locations":[{"start":{"line":3,"column":56},"end":{"line":3,"column":61}},{"start":{"line":3,"column":64},"end":{"line":3,"column":109}}],"line":3},"2":{"loc":{"start":{"line":4,"column":16},"end":{"line":4,"column":34}},"type":"binary-expr","locations":[{"start":{"line":4,"column":16},"end":{"line":4,"column":17}},{"start":{"line":4,"column":22},"end":{"line":4,"column":33}}],"line":4},"3":{"loc":{"start":{"line":7,"column":32},"end":{"line":7,"column":115}},"type":"cond-expr","locations":[{"start":{"line":7,"column":46},"end":{"line":7,"column":67}},{"start":{"line":7,"column":70},"end":{"line":7,"column":115}}],"line":7},"4":{"loc":{"start":{"line":8,"column":51},"end":{"line":8,"column":67}},"type":"binary-expr","locations":[{"start":{"line":8,"column":51},"end":{"line":8,"column":61}},{"start":{"line":8,"column":65},"end":{"line":8,"column":67}}],"line":8}},"s":{"0":1,"1":27,"2":0,"3":27,"4":27,"5":27,"6":0,"7":0,"8":0,"9":0,"10":54,"11":27,"12":1,"13":1,"14":1,"15":1,"16":1,"17":1,"18":1,"19":1,"20":1,"21":1,"22":1,"23":1,"24":1,"25":1,"26":1,"27":1,"28":1,"29":1,"30":1,"31":1,"32":1,"33":1,"34":1,"35":1,"36":1,"37":1,"38":1,"39":1,"40":1,"41":1,"42":1,"43":1,"44":1,"45":1,"46":1,"47":1,"48":1,"49":1,"50":1,"51":1,"52":1,"53":1,"54":1,"55":1,"56":1,"57":1,"58":1,"59":1,"60":1,"61":1,"62":1,"63":1,"64":1,"65":1,"66":1,"67":1,"68":1,"69":1,"70":1,"71":1,"72":1,"73":1,"74":1,"75":1,"76":1,"77":1,"78":1,"79":1,"80":1,"81":1,"82":1,"83":1,"84":1,"85":1,"86":1,"87":1,"88":1,"89":1,"90":1,"91":1,"92":1,"93":1,"94":1,"95":1,"96":1,"97":1,"98":1,"99":1,"100":1,"101":1,"102":1,"103":1,"104":1,"105":1,"106":1,"107":1,"108":1,"109":1,"110":1,"111":1,"112":1,"113":1,"114":1,"115":1,"116":1,"117":1,"118":1,"119":1,"120":1,"121":1,"122":1,"123":1,"124":1,"125":1,"126":1,"127":1,"128":1,"129":1,"130":1,"131":1,"132":1,"133":1,"134":1,"135":1,"136":1,"137":1,"138":1,"139":1,"140":1,"141":1,"142":1,"143":1,"144":1,"145":1,"146":1,"147":1,"148":1,"149":1,"150":1,"151":1,"152":1,"153":1,"154":1,"155":1,"156":1,"157":1,"158":1,"159":1,"160":1,"161":1,"162":1,"163":1,"164":1,"165":1,"166":1,"167":1,"168":1,"169":1,"170":1,"171":1,"172":1,"173":1,"174":1,"175":1,"176":1,"177":1,"178":1,"179":1,"180":1,"181":1,"182":1,"183":1,"184":1,"185":1,"186":1,"187":1,"188":1,"189":1,"190":1,"191":1,"192":1,"193":1,"194":1,"195":1,"196":1,"197":1,"198":1,"199":1,"200":1,"201":1,"202":1,"203":1,"204":1,"205":1,"206":1,"207":1,"208":1,"209":1,"210":1,"211":1,"212":1,"213":1,"214":1,"215":1},"f":{"0":27,"1":27,"2":0,"3":27,"4":27,"5":0,"6":54,"7":1,"8":1,"9":1,"10":1,"11":1,"12":1,"13":1,"14":1,"15":1,"16":1,"17":1,"18":1,"19":1,"20":1,"21":1,"22":1,"23":1,"24":1,"25":1,"26":1,"27":1,"28":1,"29":1,"30":1,"31":1,"32":1,"33":1,"34":1,"35":1,"36":1,"37":1,"38":1,"39":1,"40":1,"41":1,"42":1,"43":1,"44":1,"45":1,"46":1,"47":1,"48":1,"49":1,"50":1,"51":1,"52":1,"53":1,"54":1,"55":1,"56":1,"57":1,"58":1,"59":1,"60":1,"61":1,"62":1,"63":1,"64":1,"65":1,"66":1,"67":1,"68":1,"69":1,"70":1,"71":1,"72":1,"73":1,"74":1},"b":{"0":[1,1,1],"1":[27,0],"2":[27,27],"3":[27,27],"4":[27,27]},"inputSourceMap":{"version":3,"file":"index.js","sourceRoot":"","sources":["../../../tests/unit_tests/index.ts"],"names":[],"mappings":";;;;;;;;;;;AAAA,+BAA6B;AAC7B,4FAAsF;AACtF,4EAA8E;AAC9E,gFAAiF;AACjF,kFAA8E;AAC9E,wDAA6E;AAC7E,oDAAmG;AAEnG,QAAQ,CAAC,qBAAqB,EAAE,GAAG,EAAE;IACpC,EAAE,CAAC,kBAAkB,EAAE,GAAS,EAAE;QACjC,MAAM,aAAa,GAAc,CAAC,EAAE,UAAU,EAAE,CAAC,EAAE,IAAI,EAAE,QAAQ,EAAE,KAAK,EAAE,GAAG,EAAE,QAAQ,EAAE,CAAC,EAAE,CAAC,CAAA;QAC7F,MAAM,UAAU,GAAG,IAAI,uBAAU,CAAC,IAAI,2BAAc,CAAC,aAAa,CAAC,CAAC,CAAA;QACpE,aAAM,CAAC,SAAS,CAAC,MAAM,IAAA,uCAAiB,EAAC,UAAU,EAAE,QAAQ,CAAC,EAAE,EAAE,MAAM,EAAE,GAAG,EAAE,IAAI,EAAE,EAAE,UAAU,EAAE,CAAC,EAAE,IAAI,EAAE,QAAQ,EAAE,KAAK,EAAE,IAAI,EAAE,QAAQ,EAAE,CAAC,EAAE,EAAC,CAAC,CAAA;IACnJ,CAAC,CAAA,CAAC,CAAA;IACF,EAAE,CAAC,sBAAsB,EAAE,GAAS,EAAE;QACrC,MAAM,aAAa,GAAc,CAAC,EAAE,UAAU,EAAE,CAAC,EAAE,IAAI,EAAE,QAAQ,EAAE,KAAK,EAAE,GAAG,EAAE,QAAQ,EAAE,CAAC,EAAE,CAAC,CAAA;QAC7F,MAAM,UAAU,GAAG,IAAI,uBAAU,CAAC,IAAI,2BAAc,CAAC,aAAa,CAAC,CAAC,CAAA;QACpE,aAAM,CAAC,SAAS,CAAC,MAAM,IAAA,uCAAiB,EAAC,UAAU,EAAE,YAAY,CAAC,EAAE,EAAE,MAAM,EAAE,GAAG,EAAE,IAAI,EAAE,UAAU,EAAE,CAAC,CAAA;IACvG,CAAC,CAAA,CAAC,CAAA;AACH,CAAC,CAAC,CAAA;AAEF,QAAQ,CAAC,cAAc,EAAE,GAAG,EAAE;IAC7B,EAAE,CAAC,kBAAkB,EAAE,GAAS,EAAE;QACjC,MAAM,WAAW,GAAY,EAAE,CAAA;QAC/B,MAAM,aAAa,GAAc,CAAE,EAAE,UAAU,EAAE,CAAC,EAAE,IAAI,EAAE,QAAQ,EAAE,KAAK,EAAE,GAAG,EAAE,QAAQ,EAAE,CAAC,EAAE,CAAE,CAAA;QAC/F,MAAM,QAAQ,GAAG,IAAI,mBAAQ,CAAC,IAAI,uBAAY,CAAC,aAAa,EAAE,WAAW,CAAC,CAAC,CAAA;QAC3E,aAAM,CAAC,SAAS,CAAC,MAAM,IAAA,iCAAkB,EAAC,QAAQ,EAAE,EAAE,CAAC,EAAE,EAAE,MAAM,EAAE,GAAG,EAAE,IAAI,EAAE,eAAe,EAAE,CAAC,CAAA;IACjG,CAAC,CAAA,CAAC,CAAA;IACF,EAAE,CAAC,kBAAkB,EAAE,GAAS,EAAE;QACjC,MAAM,WAAW,GAAY,EAAE,CAAA;QAC/B,MAAM,aAAa,GAAc,CAAE,EAAE,UAAU,EAAE,CAAC,EAAE,IAAI,EAAE,QAAQ,EAAE,KAAK,EAAE,GAAG,EAAE,QAAQ,EAAE,CAAC,EAAE,CAAE,CAAA;QAC/F,MAAM,QAAQ,GAAG,IAAI,mBAAQ,CAAC,IAAI,uBAAY,CAAC,aAAa,EAAE,WAAW,CAAC,CAAC,CAAA;QAC3E,aAAM,CAAC,SAAS,CAAC,MAAM,IAAA,iCAAkB,EAAC,QAAQ,EAAE,CAAC,CAAC,CAAC,CAAC,EAAE,EAAE,MAAM,EAAE,GAAG,EAAE,IAAI,EAAE,eAAe,EAAE,CAAC,CAAA;IAClG,CAAC,CAAA,CAAC,CAAA;IACF,EAAE,CAAC,kBAAkB,EAAE,GAAS,EAAE;QACjC,MAAM,WAAW,GAAY,EAAE,CAAA;QAC/B,MAAM,aAAa,GAAc,CAAE,EAAE,UAAU,EAAE,CAAC,EAAE,IAAI,EAAE,QAAQ,EAAE,KAAK,EAAE,GAAG,EAAE,QAAQ,EAAE,CAAC,EAAE,CAAE,CAAA;QAC/F,MAAM,QAAQ,GAAG,IAAI,mBAAQ,CAAC,IAAI,uBAAY,CAAC,aAAa,EAAE,WAAW,CAAC,CAAC,CAAA;QAC3E,aAAM,CAAC,SAAS,CAAC,MAAM,IAAA,iCAAkB,EAAC,QAAQ,EAAE,CAAC,EAAE,CAAC,CAAC,EAAE,EAAE,MAAM,EAAE,GAAG,EAAE,IAAI,EAAE,eAAe,EAAE,CAAC,CAAA;IACnG,CAAC,CAAA,CAAC,CAAA;IACF,EAAE,CAAC,kBAAkB,EAAE,GAAS,EAAE;QACjC,MAAM,WAAW,GAAY,EAAE,CAAA;QAC/B,MAAM,aAAa,GAAc,CAAE,EAAE,UAAU,EAAE,CAAC,EAAE,IAAI,EAAE,QAAQ,EAAE,KAAK,EAAE,GAAG,EAAE,QAAQ,EAAE,CAAC,EAAE,CAAE,CAAA;QAC/F,MAAM,QAAQ,GAAG,IAAI,mBAAQ,CAAC,IAAI,uBAAY,CAAC,aAAa,EAAE,WAAW,CAAC,CAAC,CAAA;QAC3E,aAAM,CAAC,SAAS,CAAC,MAAM,IAAA,iCAAkB,EAAC,QAAQ,EAAE,CAAC,QAAQ,CAAC,CAAC,EAAE,EAAE,MAAM,EAAE,GAAG,EAAE,IAAI,EAAE,eAAe,EAAE,CAAC,CAAA;IACzG,CAAC,CAAA,CAAC,CAAA;IACF,EAAE,CAAC,kBAAkB,EAAE,GAAS,EAAE;QACjC,MAAM,WAAW,GAAY,EAAE,CAAA;QAC/B,MAAM,aAAa,GAAc,CAAE,EAAE,UAAU,EAAE,CAAC,EAAE,IAAI,EAAE,QAAQ,EAAE,KAAK,EAAE,GAAG,EAAE,QAAQ,EAAE,CAAC,EAAE,CAAE,CAAA;QAC/F,MAAM,QAAQ,GAAG,IAAI,mBAAQ,CAAC,IAAI,uBAAY,CAAC,aAAa,EAAE,WAAW,CAAC,CAAC,CAAA;QAC3E,aAAM,CAAC,SAAS,CAAC,MAAM,IAAA,iCAAkB,EAAC,QAAQ,EAAE,CAAC,EAAC,IAAI,EAAE,MAAM,EAAC,CAAC,CAAC,EAAE,EAAE,MAAM,EAAE,GAAG,EAAE,IAAI,EAAE,eAAe,EAAE,CAAC,CAAA;IAC/G,CAAC,CAAA,CAAC,CAAA;IACF,EAAE,CAAC,kBAAkB,EAAE,GAAS,EAAE;QACjC,MAAM,WAAW,GAAY,EAAE,CAAA;QAC/B,MAAM,aAAa,GAAc,CAAE,EAAE,UAAU,EAAE,CAAC,EAAE,IAAI,EAAE,QAAQ,EAAE,KAAK,EAAE,GAAG,EAAE,QAAQ,EAAE,CAAC,EAAE,CAAE,CAAA;QAC/F,MAAM,QAAQ,GAAG,IAAI,mBAAQ,CAAC,IAAI,uBAAY,CAAC,aAAa,EAAE,WAAW,CAAC,CAAC,CAAA;QAC3E,aAAM,CAAC,SAAS,CAAC,MAAM,IAAA,iCAAkB,EAAC,QAAQ,EAAE,CAAC,EAAC,QAAQ,EAAE,CAAC,EAAC,CAAC,CAAC,EAAE,EAAE,MAAM,EAAE,GAAG,EAAE,IAAI,EAAE,eAAe,EAAE,CAAC,CAAA;IAC9G,CAAC,CAAA,CAAC,CAAA;IACF,EAAE,CAAC,kBAAkB,EAAE,GAAS,EAAE;QACjC,MAAM,WAAW,GAAY,EAAE,CAAA;QAC/B,MAAM,aAAa,GAAc,CAAE,EAAE,UAAU,EAAE,CAAC,EAAE,IAAI,EAAE,QAAQ,EAAE,KAAK,EAAE,GAAG,EAAE,QAAQ,EAAE,CAAC,EAAE,CAAE,CAAA;QAC/F,MAAM,QAAQ,GAAG,IAAI,mBAAQ,CAAC,IAAI,uBAAY,CAAC,aAAa,EAAE,WAAW,CAAC,CAAC,CAAA;QAC3E,aAAM,CAAC,SAAS,CAAC,MAAM,IAAA,iCAAkB,EAAC,QAAQ,EAAE,CAAC,EAAC,IAAI,EAAE,CAAC,EAAE,QAAQ,EAAE,MAAM,EAAC,CAAC,CAAC,EAAE,EAAE,MAAM,EAAE,GAAG,EAAE,IAAI,EAAE,eAAe,EAAE,CAAC,CAAA;IAC5H,CAAC,CAAA,CAAC,CAAA;IACF,EAAE,CAAC,kBAAkB,EAAE,GAAS,EAAE;QACjC,MAAM,WAAW,GAAY,EAAE,CAAA;QAC/B,MAAM,aAAa,GAAc,CAAE,EAAE,UAAU,EAAE,CAAC,EAAE,IAAI,EAAE,QAAQ,EAAE,KAAK,EAAE,GAAG,EAAE,QAAQ,EAAE,CAAC,EAAE,CAAE,CAAA;QAC/F,MAAM,QAAQ,GAAG,IAAI,mBAAQ,CAAC,IAAI,uBAAY,CAAC,aAAa,EAAE,WAAW,CAAC,CAAC,CAAA;QAC3E,aAAM,CAAC,SAAS,CAAC,MAAM,IAAA,iCAAkB,EAAC,QAAQ,EAAE,CAAC,EAAC,IAAI,EAAE,MAAM,EAAE,QAAQ,EAAE,CAAC,EAAC,CAAC,CAAC,EAAE,EAAE,MAAM,EAAE,GAAG,EAAE,IAAI,EAAE,eAAe,EAAE,CAAC,CAAA;IAC5H,CAAC,CAAA,CAAC,CAAA;IACF,EAAE,CAAC,kBAAkB,EAAE,GAAS,EAAE;QACjC,MAAM,WAAW,GAAY,EAAE,CAAA;QAC/B,MAAM,aAAa,GAAc,CAAE,EAAE,UAAU,EAAE,CAAC,EAAE,IAAI,EAAE,QAAQ,EAAE,KAAK,EAAE,GAAG,EAAE,QAAQ,EAAE,CAAC,EAAE,CAAE,CAAA;QAC/F,MAAM,QAAQ,GAAG,IAAI,mBAAQ,CAAC,IAAI,uBAAY,CAAC,aAAa,EAAE,WAAW,CAAC,CAAC,CAAA;QAC3E,aAAM,CAAC,SAAS,CAAC,MAAM,IAAA,iCAAkB,EAAC,QAAQ,EAAE,CAAC,EAAC,IAAI,EAAE,MAAM,EAAE,QAAQ,EAAE,CAAC,CAAC,EAAC,CAAC,CAAC,EAAE,EAAE,MAAM,EAAE,GAAG,EAAE,IAAI,EAAE,eAAe,EAAE,CAAC,CAAA;IAC7H,CAAC,CAAA,CAAC,CAAA;IACF,EAAE,CAAC,mBAAmB,EAAE,GAAS,EAAE;QAClC,MAAM,WAAW,GAAY,EAAE,CAAA;QAC/B,MAAM,aAAa,GAAc,CAAE,EAAE,UAAU,EAAE,CAAC,EAAE,IAAI,EAAE,QAAQ,EAAE,KAAK,EAAE,GAAG,EAAE,QAAQ,EAAE,CAAC,EAAE,CAAE,CAAA;QAC/F,MAAM,QAAQ,GAAG,IAAI,mBAAQ,CAAC,IAAI,uBAAY,CAAC,aAAa,EAAE,WAAW,CAAC,CAAC,CAAA;QAC3E,aAAM,CAAC,SAAS,CAAC,MAAM,IAAA,iCAAkB,EAAC,QAAQ,EAAE,CAAC,EAAC,IAAI,EAAE,MAAM,EAAE,QAAQ,EAAE,CAAC,EAAE,EAAC,CAAC,CAAC,EAAE,EAAE,MAAM,EAAE,GAAG,EAAE,IAAI,EAAE,eAAe,EAAE,CAAC,CAAA;IAC9H,CAAC,CAAA,CAAC,CAAA;IACF,EAAE,CAAC,mBAAmB,EAAE,GAAS,EAAE;QAClC,MAAM,WAAW,GAAY,EAAE,CAAA;QAC/B,MAAM,aAAa,GAAc,CAAE,EAAE,UAAU,EAAE,CAAC,EAAE,IAAI,EAAE,QAAQ,EAAE,KAAK,EAAE,GAAG,EAAE,QAAQ,EAAE,CAAC,EAAE,CAAE,CAAA;QAC/F,MAAM,QAAQ,GAAG,IAAI,mBAAQ,CAAC,IAAI,uBAAY,CAAC,aAAa,EAAE,WAAW,CAAC,CAAC,CAAA;QAC3E,aAAM,CAAC,SAAS,CAAC,MAAM,IAAA,iCAAkB,EAAC,QAAQ,EAAE,EAAC,IAAI,EAAE,MAAM,EAAE,QAAQ,EAAE,EAAE,EAAC,CAAC,EAAE,EAAE,MAAM,EAAE,GAAG,EAAE,IAAI,EAAE,eAAe,EAAE,CAAC,CAAA;IAC3H,CAAC,CAAA,CAAC,CAAA;IACF,EAAE,CAAC,mBAAmB,EAAE,GAAS,EAAE;QAClC,MAAM,WAAW,GAAY,EAAE,CAAA;QAC/B,MAAM,aAAa,GAAc,CAAE,EAAE,UAAU,EAAE,CAAC,EAAE,IAAI,EAAE,QAAQ,EAAE,KAAK,EAAE,GAAG,EAAE,QAAQ,EAAE,CAAC,EAAE,CAAE,CAAA;QAC/F,MAAM,QAAQ,GAAG,IAAI,mBAAQ,CAAC,IAAI,uBAAY,CAAC,aAAa,EAAE,WAAW,CAAC,CAAC,CAAA;QAC3E,aAAM,CAAC,SAAS,CAAC,MAAM,IAAA,iCAAkB,EAAC,QAAQ,EAAE,IAAI,CAAC,EAAE,EAAE,MAAM,EAAE,GAAG,EAAE,IAAI,EAAE,eAAe,EAAE,CAAC,CAAA;IACnG,CAAC,CAAA,CAAC,CAAA;IACF,EAAE,CAAC,mBAAmB,EAAE,GAAS,EAAE;QAClC,MAAM,WAAW,GAAY,EAAE,CAAA;QAC/B,MAAM,aAAa,GAAc,CAAE,EAAE,UAAU,EAAE,CAAC,EAAE,IAAI,EAAE,QAAQ,EAAE,KAAK,EAAE,GAAG,EAAE,QAAQ,EAAE,CAAC,EAAE,CAAE,CAAA;QAC/F,MAAM,QAAQ,GAAG,IAAI,mBAAQ,CAAC,IAAI,uBAAY,CAAC,aAAa,EAAE,WAAW,CAAC,CAAC,CAAA;QAC3E,aAAM,CAAC,SAAS,CAAC,MAAM,IAAA,iCAAkB,EAAC,QAAQ,EAAE,SAAS,CAAC,EAAE,EAAE,MAAM,EAAE,GAAG,EAAE,IAAI,EAAE,eAAe,EAAE,CAAC,CAAA;IACxG,CAAC,CAAA,CAAC,CAAA;IACF,EAAE,CAAC,qBAAqB,EAAE,GAAS,EAAE;QACpC,MAAM,WAAW,GAAY,EAAE,CAAA;QAC/B,MAAM,aAAa,GAAc,CAAE,EAAE,UAAU,EAAE,CAAC,EAAE,IAAI,EAAE,QAAQ,EAAE,KAAK,EAAE,GAAG,EAAE,QAAQ,EAAE,CAAC,EAAE,CAAE,CAAA;QAC/F,MAAM,QAAQ,GAAG,IAAI,mBAAQ,CAAC,IAAI,uBAAY,CAAC,aAAa,EAAE,WAAW,CAAC,CAAC,CAAA;QAC3E,aAAM,CAAC,SAAS,CAAC,MAAM,IAAA,iCAAkB,EAAC,QAAQ,EAAE,CAAC,EAAE,IAAI,EAAE,YAAY,EAAE,QAAQ,EAAE,CAAC,EAAE,CAAC,CAAC,EAAE,EAAE,MAAM,EAAE,GAAG,EAAE,IAAI,EAAE,UAAU,EAAE,CAAC,CAAA;IAC/H,CAAC,CAAA,CAAC,CAAA;IACF,EAAE,CAAC,qBAAqB,EAAE,GAAS,EAAE;QACpC,MAAM,WAAW,GAAY,EAAE,CAAA;QAC/B,MAAM,aAAa,GAAc,CAAE,EAAE,UAAU,EAAE,CAAC,EAAE,IAAI,EAAE,QAAQ,EAAE,KAAK,EAAE,GAAG,EAAE,QAAQ,EAAE,CAAC,EAAE,CAAE,CAAA;QAC/F,MAAM,QAAQ,GAAG,IAAI,mBAAQ,CAAC,IAAI,uBAAY,CAAC,aAAa,EAAE,WAAW,CAAC,CAAC,CAAA;QAC3E,aAAM,CAAC,SAAS,CAAC,MAAM,IAAA,iCAAkB,EAAC,QAAQ,EAAE,CAAC,EAAE,IAAI,EAAE,QAAQ,EAAE,QAAQ,EAAE,CAAC,EAAE,EAAE,EAAE,IAAI,EAAE,YAAY,EAAE,QAAQ,EAAE,CAAC,EAAE,CAAC,CAAC,EAAE,EAAE,MAAM,EAAE,GAAG,EAAE,IAAI,EAAE,UAAU,EAAE,CAAC,CAAA;IAChK,CAAC,CAAA,CAAC,CAAA;IACF,EAAE,CAAC,0BAA0B,EAAE,GAAS,EAAE;QACzC,MAAM,WAAW,GAAY,EAAE,CAAA;QAC/B,MAAM,aAAa,GAAc,CAAE,EAAE,UAAU,EAAE,CAAC,EAAE,IAAI,EAAE,QAAQ,EAAE,KAAK,EAAE,GAAG,EAAE,QAAQ,EAAE,CAAC,EAAE,CAAE,CAAA;QAC/F,MAAM,QAAQ,GAAG,IAAI,mBAAQ,CAAC,IAAI,uBAAY,CAAC,aAAa,EAAE,WAAW,CAAC,CAAC,CAAA;QAC3E,aAAM,CAAC,SAAS,CAAC,MAAM,IAAA,iCAAkB,EAAC,QAAQ,EAAE,CAAC,EAAE,IAAI,EAAE,QAAQ,EAAE,QAAQ,EAAE,CAAC,EAAE,CAAC,CAAC,EAAE,EAAE,MAAM,EAAE,GAAG,EAAE,IAAI,EAAE,iBAAiB,EAAE,CAAC,CAAA;IAClI,CAAC,CAAA,CAAC,CAAA;IACF,EAAE,CAAC,0BAA0B,EAAE,GAAS,EAAE;QACzC,MAAM,WAAW,GAAY,EAAE,CAAA;QAC/B,MAAM,aAAa,GAAc,CAAE,EAAE,UAAU,EAAE,CAAC,EAAE,IAAI,EAAE,QAAQ,EAAE,KAAK,EAAE,GAAG,EAAE,QAAQ,EAAE,CAAC,EAAE,CAAE,CAAA;QAC/F,MAAM,QAAQ,GAAG,IAAI,mBAAQ,CAAC,IAAI,uBAAY,CAAC,aAAa,EAAE,WAAW,CAAC,CAAC,CAAA;QAC3E,aAAM,CAAC,SAAS,CAAC,MAAM,IAAA,iCAAkB,EAAC,QAAQ,EAAE,CAAC,EAAE,IAAI,EAAE,QAAQ,EAAE,QAAQ,EAAE,CAAC,EAAE,CAAC,CAAC,EACrF,EAAE,MAAM,EAAE,GAAG,EAAE,IAAI,EAAE,EAAE,EAAE,EAAE,GAAG,EAAE,QAAQ,EAAE,CAAE,EAAE,IAAI,EAAE,QAAQ,EAAE,QAAQ,EAAE,CAAC,EAAE,KAAK,EAAE,IAAI,EAAE,CAAE,EAAE,KAAK,EAAE,IAAI,EAAE,EAAE,CAC3G,CAAA;IACF,CAAC,CAAA,CAAC,CAAA;IACF,EAAE,CAAC,0BAA0B,EAAE,GAAS,EAAE;QACzC,MAAM,WAAW,GAAY,EAAE,CAAA;QAC/B,MAAM,aAAa,GAAc,CAAE,EAAE,UAAU,EAAE,CAAC,EAAE,IAAI,EAAE,QAAQ,EAAE,KAAK,EAAE,GAAG,EAAE,QAAQ,EAAE,CAAC,EAAE;YAClF,EAAE,UAAU,EAAE,CAAC,EAAE,IAAI,EAAE,MAAM,EAAE,KAAK,EAAE,GAAG,EAAE,QAAQ,EAAE,CAAC,EAAE;SACzD,CAAA;QACV,MAAM,QAAQ,GAAG,IAAI,mBAAQ,CAAC,IAAI,uBAAY,CAAC,aAAa,EAAE,WAAW,CAAC,CAAC,CAAA;QAC3E,aAAM,CAAC,SAAS,CAAC,MAAM,IAAA,iCAAkB,EAAC,QAAQ,EAAE,CAAC,EAAE,IAAI,EAAE,MAAM,EAAE,QAAQ,EAAE,CAAC,EAAE,CAAC,CAAC,EACnF,EAAE,MAAM,EAAE,GAAG,EAAE,IAAI,EAAE,EAAE,EAAE,EAAE,GAAG,EAAE,QAAQ,EAAE,CAAE,EAAE,IAAI,EAAE,MAAM,EAAE,QAAQ,EAAE,CAAC,EAAE,KAAK,EAAE,IAAI,EAAE,CAAE,EAAE,KAAK,EAAE,IAAI,EAAE,EAAE,CACzG,CAAA;IACF,CAAC,CAAA,CAAC,CAAA;IACF,EAAE,CAAC,0BAA0B,EAAE,GAAS,EAAE;QACzC,MAAM,WAAW,GAAY,EAAE,CAAA;QAC/B,MAAM,aAAa,GAAc,CAAE,EAAE,UAAU,EAAE,CAAC,EAAE,IAAI,EAAE,QAAQ,EAAE,KAAK,EAAE,GAAG,EAAE,QAAQ,EAAE,CAAC,EAAE;YAClF,EAAE,UAAU,EAAE,CAAC,EAAE,IAAI,EAAE,MAAM,EAAE,KAAK,EAAE,GAAG,EAAE,QAAQ,EAAE,CAAC,EAAE;SACzD,CAAA;QACV,MAAM,QAAQ,GAAG,IAAI,mBAAQ,CAAC,IAAI,uBAAY,CAAC,aAAa,EAAE,WAAW,CAAC,CAAC,CAAA;QAC3E,aAAM,CAAC,SAAS,CAAC,MAAM,IAAA,iCAAkB,EAAC,QAAQ,EAAE,CAAC,EAAE,IAAI,EAAE,QAAQ,EAAE,QAAQ,EAAE,CAAC,EAAE,CAAC,CAAC,EACrF,EAAE,MAAM,EAAE,GAAG,EAAE,IAAI,EAAE,EAAE,EAAE,EAAE,GAAG,EAAE,QAAQ,EAAE,CAAE,EAAE,IAAI,EAAE,QAAQ,EAAE,QAAQ,EAAE,CAAC,EAAE,KAAK,EAAE,IAAI,EAAE,CAAE,EAAE,KAAK,EAAE,IAAI,EAAE,EAAE,CAC3G,CAAA;IACF,CAAC,CAAA,CAAC,CAAA;IACF,EAAE,CAAC,0BAA0B,EAAE,GAAS,EAAE;QACzC,MAAM,WAAW,GAAY,EAAE,CAAA;QAC/B,MAAM,aAAa,GAAc,CAAE,EAAE,UAAU,EAAE,CAAC,EAAE,IAAI,EAAE,QAAQ,EAAE,KAAK,EAAE,GAAG,EAAE,QAAQ,EAAE,CAAC,EAAE;YAClF,EAAE,UAAU,EAAE,CAAC,EAAE,IAAI,EAAE,MAAM,EAAE,KAAK,EAAE,GAAG,EAAE,QAAQ,EAAE,CAAC,EAAE;SACzD,CAAA;QACV,MAAM,QAAQ,GAAG,IAAI,mBAAQ,CAAC,IAAI,uBAAY,CAAC,aAAa,EAAE,WAAW,CAAC,CAAC,CAAA;QAC3E,aAAM,CAAC,SAAS,CAAC,MAAM,IAAA,iCAAkB,EAAC,QAAQ,EAAE,CAAC,EAAE,IAAI,EAAE,QAAQ,EAAE,QAAQ,EAAE,CAAC,EAAE,EAAE,EAAE,IAAI,EAAE,MAAM,EAAE,QAAQ,EAAE,CAAC,EAAE,CAAC,CAAC,EACpH,EAAE,MAAM,EAAE,GAAG,EAAE,IAAI,EAAE,EAAE,EAAE,EAAE,GAAG,EAAE,QAAQ,EAAE,CAAE,EAAE,IAAI,EAAE,QAAQ,EAAE,QAAQ,EAAE,CAAC,EAAE,KAAK,EAAE,IAAI,EAAC,EAAE,EAAE,IAAI,EAAE,MAAM,EAAE,QAAQ,EAAE,CAAC,EAAE,KAAK,EAAE,IAAI,EAAE,CAAE,EAAE,KAAK,EAAE,KAAK,EAAE,EAAE,CACvJ,CAAA;IACF,CAAC,CAAA,CAAC,CAAA;AACH,CAAC,CAAC,CAAA;AAEF,QAAQ,CAAC,gBAAgB,EAAE,GAAG,EAAE;IAC/B,EAAE,CAAC,aAAa,EAAE,GAAS,EAAE;QAC5B,MAAM,WAAW,GAAY,EAAE,CAAA;QAC/B,MAAM,aAAa,GAAc,CAAE,EAAE,UAAU,EAAE,CAAC,EAAE,IAAI,EAAE,QAAQ,EAAE,KAAK,EAAE,GAAG,EAAE,QAAQ,EAAE,CAAC,EAAE,CAAE,CAAA;QAC/F,MAAM,QAAQ,GAAG,IAAI,mBAAQ,CAAC,IAAI,uBAAY,CAAC,aAAa,EAAE,WAAW,CAAC,CAAC,CAAA;QAC3E,aAAM,CAAC,SAAS,CAAC,MAAM,IAAA,oCAAmB,EAAC,QAAQ,CAAC,EAAE,EAAE,MAAM,EAAE,GAAG,EAAE,IAAI,EAAE,EAAE,MAAM,EAAE,EAAE,EAAE,EAAE,CAAC,CAAA;IAC7F,CAAC,CAAA,CAAC,CAAA;IACF,EAAE,CAAC,WAAW,EAAE,GAAS,EAAE;QAC1B,MAAM,SAAS,GAAG;YACjB,EAAE,EAAE,KAAK;YACT,QAAQ,EAAE,CAAC,EAAC,IAAI,EAAE,QAAQ,EAAE,QAAQ,EAAE,CAAC,EAAE,KAAK,EAAE,IAAI,EAAE,CAAC;YACvD,KAAK,EAAE,IAAI;SACX,CAAA;QACD,MAAM,WAAW,GAAY,CAAE,SAAS,CAAE,CAAA;QAC1C,MAAM,aAAa,GAAc,CAAE,EAAE,UAAU,EAAE,CAAC,EAAE,IAAI,EAAE,QAAQ,EAAE,KAAK,EAAE,GAAG,EAAE,QAAQ,EAAE,CAAC,EAAE,CAAE,CAAA;QAC/F,MAAM,QAAQ,GAAG,IAAI,mBAAQ,CAAC,IAAI,uBAAY,CAAC,aAAa,EAAE,WAAW,CAAC,CAAC,CAAA;QAC3E,aAAM,CAAC,SAAS,CAAC,MAAM,IAAA,oCAAmB,EAAC,QAAQ,CAAC,EAAE,EAAE,MAAM,EAAC,GAAG,EAAE,IAAI,EAAE,EAAE,MAAM,EAAE,WAAW,EAAE,EAAE,CAAC,CAAA;IACrG,CAAC,CAAA,CAAC,CAAA;IACF,EAAE,CAAC,qBAAqB,EAAE,GAAS,EAAE;QACpC,MAAM,SAAS,GAAG;YACjB,EAAE,EAAE,KAAK;YACT,QAAQ,EAAE,CAAC,EAAC,IAAI,EAAE,QAAQ,EAAE,QAAQ,EAAE,CAAC,EAAE,KAAK,EAAE,IAAI,EAAE,CAAC;YACvD,KAAK,EAAE,IAAI;SACX,CAAA;QACD,MAAM,UAAU,GAAG;YAClB,EAAE,EAAE,GAAG;YACP,QAAQ,EAAE,CAAC,EAAC,IAAI,EAAE,QAAQ,EAAE,QAAQ,EAAE,CAAC,EAAE,KAAK,EAAE,IAAI,EAAE,CAAC;YACvD,KAAK,EAAE,IAAI;SACX,CAAA;QACD,MAAM,WAAW,GAAY,CAAE,SAAS,EAAE,UAAU,CAAE,CAAA;QACtD,MAAM,aAAa,GAAc,CAAE,EAAE,UAAU,EAAE,CAAC,EAAE,IAAI,EAAE,QAAQ,EAAE,KAAK,EAAE,GAAG,EAAE,QAAQ,EAAE,CAAC,EAAE,CAAE,CAAA;QAC/F,MAAM,QAAQ,GAAG,IAAI,mBAAQ,CAAC,IAAI,uBAAY,CAAC,aAAa,EAAE,WAAW,CAAC,CAAC,CAAA;QAE3E,aAAM,CAAC,SAAS,CAAC,MAAM,IAAA,oCAAmB,EAAC,QAAQ,CAAC,EAAE,EAAE,MAAM,EAAE,GAAG,EAAE,IAAI,EAAE,EAAE,MAAM,EAAE,WAAW,EAAE,EAAE,CAAC,CAAA;IACtG,CAAC,CAAA,CAAC,CAAA;AACH,CAAC,CAAC,CAAA;AAEF,QAAQ,CAAC,iBAAiB,EAAE,GAAG,EAAE;IAChC,EAAE,CAAC,gBAAgB,EAAE,GAAS,EAAE;QAC/B,MAAM,SAAS,GAAG;YACjB,EAAE,EAAE,KAAK;YACT,QAAQ,EAAE,CAAC,EAAC,IAAI,EAAE,QAAQ,EAAE,QAAQ,EAAE,CAAC,EAAE,KAAK,EAAE,IAAI,EAAE,CAAC;YACvD,KAAK,EAAE,IAAI;SACX,CAAA;QACD,MAAM,WAAW,GAAY,CAAE,SAAS,CAAE,CAAA;QAC1C,MAAM,aAAa,GAAc,CAAE,EAAE,UAAU,EAAE,CAAC,EAAE,IAAI,EAAE,QAAQ,EAAE,KAAK,EAAE,GAAG,EAAE,QAAQ,EAAE,CAAC,EAAE,CAAE,CAAA;QAC/F,MAAM,QAAQ,GAAG,IAAI,mBAAQ,CAAC,IAAI,uBAAY,CAAC,aAAa,EAAE,WAAW,CAAC,CAAC,CAAA;QAC3E,aAAM,CAAC,SAAS,CAAC,MAAM,IAAA,iCAAe,EAAC,QAAQ,EAAE,KAAK,CAAC,EAAE,EAAE,MAAM,EAAE,GAAG,EAAE,IAAI,EAAE,SAAS,EAAE,CAAC,CAAA;IAC3F,CAAC,CAAA,CAAC,CAAA;IACF,EAAE,CAAC,oBAAoB,EAAE,GAAS,EAAE;QACnC,MAAM,SAAS,GAAG;YACjB,EAAE,EAAE,KAAK;YACT,QAAQ,EAAE,CAAC,EAAC,IAAI,EAAE,QAAQ,EAAE,QAAQ,EAAE,CAAC,EAAE,KAAK,EAAE,IAAI,EAAE,CAAC;YACvD,KAAK,EAAE,IAAI;SACX,CAAA;QACD,MAAM,WAAW,GAAY,CAAE,SAAS,CAAE,CAAA;QAC1C,MAAM,aAAa,GAAc,CAAE,EAAE,UAAU,EAAE,CAAC,EAAE,IAAI,EAAE,QAAQ,EAAE,KAAK,EAAE,GAAG,EAAE,QAAQ,EAAE,CAAC,EAAE,CAAE,CAAA;QAC/F,MAAM,QAAQ,GAAG,IAAI,mBAAQ,CAAC,IAAI,uBAAY,CAAC,aAAa,EAAE,WAAW,CAAC,CAAC,CAAA;QAC3E,aAAM,CAAC,SAAS,CAAC,MAAM,IAAA,iCAAe,EAAC,QAAQ,EAAE,GAAG,CAAC,EAAE,EAAE,MAAM,EAAE,GAAG,EAAE,IAAI,EAAE,UAAU,EAAE,CAAC,CAAA;IAC1F,CAAC,CAAA,CAAC,CAAA;AACH,CAAC,CAAC,CAAA;AAEF,QAAQ,CAAC,cAAc,EAAE,GAAG,EAAE;IAC7B,EAAE,CAAC,yBAAyB,EAAE,GAAG,EAAE;QAClC,aAAM,CAAC,MAAM,CAAC,GAAG,EAAE,CAAC,IAAA,sBAAW,EAAC,EAAE,CAAC,EAAE,kBAAkB,CAAC,CAAA;IACzD,CAAC,CAAC,CAAA;IACF,EAAE,CAAC,iCAAiC,EAAE,GAAG,EAAE;QAC1C,MAAM,IAAI,GAAG,CAAE,EAAE,EAAE,EAAE,CAAC,EAAE,IAAI,EAAE,OAAO,EAAE,QAAQ,EAAE,CAAC,EAAE,KAAK,EAAE,IAAI,EAAE,QAAQ,EAAE,GAAG,EAAE,CAAE,CAAA;QAClF,MAAM,GAAG,GAAG;YACX,EAAE,EAAE,GAAG;YACP,QAAQ,EAAE;gBACT;oBACC,IAAI,EAAE,OAAO;oBACb,QAAQ,EAAE,CAAC;oBACX,KAAK,EAAE,IAAI;iBACX;aACD;YACD,KAAK,EAAE,GAAG;SACV,CAAA;QACD,aAAM,CAAC,SAAS,CAAC,IAAA,sBAAW,EAAC,IAAI,CAAC,EAAE,GAAG,CAAC,CAAA;IACzC,CAAC,CAAC,CAAA;IACF,EAAE,CAAC,wCAAwC,EAAE,GAAG,EAAE;QACjD,MAAM,IAAI,GAAG;YACZ,EAAE,EAAE,EAAE,CAAC,EAAE,IAAI,EAAE,OAAO,EAAE,QAAQ,EAAE,CAAC,EAAE,KAAK,EAAE,IAAI,EAAE,QAAQ,EAAE,GAAG,EAAE;YACjE,EAAE,EAAE,EAAE,CAAC,EAAE,IAAI,EAAE,QAAQ,EAAE,QAAQ,EAAE,CAAC,EAAE,KAAK,EAAE,IAAI,EAAE,QAAQ,EAAE,GAAG,EAAE;SAClE,CAAA;QACD,MAAM,GAAG,GAAG;YACX,EAAE,EAAE,GAAG;YACP,QAAQ,EAAE;gBACT;oBACC,IAAI,EAAE,OAAO;oBACb,QAAQ,EAAE,CAAC;oBACX,KAAK,EAAE,IAAI;iBACX;gBACD;oBACC,IAAI,EAAE,QAAQ;oBACd,QAAQ,EAAE,CAAC;oBACX,KAAK,EAAE,IAAI;iBACX;aACD;YACD,KAAK,EAAE,KAAK;SACZ,CAAA;QACD,aAAM,CAAC,SAAS,CAAC,IAAA,sBAAW,EAAC,IAAI,CAAC,EAAE,GAAG,CAAC,CAAA;IACzC,CAAC,CAAC,CAAA;AACH,CAAC,CAAC,CAAA;AAEF,QAAQ,CAAC,mBAAmB,EAAE,GAAG,EAAE;IAClC,EAAE,CAAC,aAAa,EAAE,GAAG,EAAE;QACtB,aAAM,CAAC,SAAS,CAAC,IAAA,0BAAe,EAAC,EAAE,CAAC,EAAE,EAAE,CAAC,CAAA;IAC1C,CAAC,CAAC,CAAA;IACF,EAAE,CAAC,WAAW,EAAE,GAAG,EAAE;QACpB,MAAM,IAAI,GAAG;YACZ,EAAE,EAAE,EAAE,CAAC,EAAE,IAAI,EAAE,OAAO,EAAE,QAAQ,EAAE,CAAC,EAAE,KAAK,EAAE,IAAI,EAAE,QAAQ,EAAE,GAAG,EAAE;SACjE,CAAA;QACD,MAAM,GAAG,GAAE,CAAE;gBACZ,EAAE,EAAE,GAAG;gBACP,QAAQ,EAAE;oBACT;wBACC,IAAI,EAAE,OAAO;wBACb,QAAQ,EAAE,CAAC;wBACX,KAAK,EAAE,IAAI;qBACX;iBACD;gBACD,KAAK,EAAE,GAAG;aACV,CAAE,CAAA;QACH,aAAM,CAAC,SAAS,CAAC,IAAA,0BAAe,EAAC,IAAI,CAAC,EAAE,GAAG,CAAC,CAAA;IAC7C,CAAC,CAAC,CAAA;IACF,EAAE,CAAC,qBAAqB,EAAE,GAAG,EAAE;QAC9B,MAAM,IAAI,GAAG;YACZ,EAAE,EAAE,EAAE,CAAC,EAAE,IAAI,EAAE,OAAO,EAAE,QAAQ,EAAE,CAAC,EAAE,KAAK,EAAE,IAAI,EAAE,QAAQ,EAAE,GAAG,EAAE;YACjE,EAAE,EAAE,EAAE,CAAC,EAAE,IAAI,EAAE,QAAQ,EAAE,QAAQ,EAAE,CAAC,EAAE,KAAK,EAAE,IAAI,EAAE,QAAQ,EAAE,GAAG,EAAE;SAClE,CAAA;QACD,MAAM,GAAG,GAAE;YACV;gBACC,EAAE,EAAE,GAAG;gBACP,QAAQ,EAAE;oBACT;wBACC,IAAI,EAAE,OAAO;wBACb,QAAQ,EAAE,CAAC;wBACX,KAAK,EAAE,IAAI;qBACX;iBACD;gBACD,KAAK,EAAE,GAAG;aACV;YACD;gBACC,EAAE,EAAE,GAAG;gBACP,QAAQ,EAAE;oBACT;wBACC,IAAI,EAAE,QAAQ;wBACd,QAAQ,EAAE,CAAC;wBACX,KAAK,EAAE,IAAI;qBACX;iBACD;gBACD,KAAK,EAAE,IAAI;aACX;SACD,CAAA;QACD,aAAM,CAAC,SAAS,CAAC,IAAA,0BAAe,EAAC,IAAI,CAAC,EAAE,GAAG,CAAC,CAAA;IAC7C,CAAC,CAAC,CAAA;IACF,EAAE,CAAC,iDAAiD,EAAE,GAAG,EAAE;QAC1D,MAAM,IAAI,GAAG;YACZ,EAAE,EAAE,EAAE,CAAC,EAAE,IAAI,EAAE,OAAO,EAAE,QAAQ,EAAE,CAAC,EAAE,KAAK,EAAE,IAAI,EAAE,QAAQ,EAAE,GAAG,EAAE;YACjE,EAAE,EAAE,EAAE,CAAC,EAAE,IAAI,EAAE,QAAQ,EAAE,QAAQ,EAAE,CAAC,EAAE,KAAK,EAAE,IAAI,EAAE,QAAQ,EAAE,GAAG,EAAE;YAClE,EAAE,EAAE,EAAE,CAAC,EAAE,IAAI,EAAE,OAAO,EAAE,QAAQ,EAAE,CAAC,EAAE,KAAK,EAAE,IAAI,EAAE,QAAQ,EAAE,GAAG,EAAE;YACjE,EAAE,EAAE,EAAE,CAAC,EAAE,IAAI,EAAE,QAAQ,EAAE,QAAQ,EAAE,CAAC,EAAE,KAAK,EAAE,IAAI,EAAE,QAAQ,EAAE,GAAG,EAAE;YAClE,EAAE,EAAE,EAAE,CAAC,EAAE,IAAI,EAAE,QAAQ,EAAE,QAAQ,EAAE,CAAC,EAAE,KAAK,EAAE,GAAG,EAAE,QAAQ,EAAE,GAAG,EAAE;YACjE,EAAE,EAAE,EAAE,CAAC,EAAE,IAAI,EAAE,QAAQ,EAAE,QAAQ,EAAE,CAAC,EAAE,KAAK,EAAE,GAAG,EAAE,QAAQ,EAAE,IAAI,EAAE;SAClE,CAAA;QACD,MAAM,GAAG,GAAE,CAAE;gBACZ,EAAE,EAAE,GAAG;gBACP,QAAQ,EAAE;oBACT;wBACC,IAAI,EAAE,OAAO;wBACb,QAAQ,EAAE,CAAC;wBACX,KAAK,EAAE,IAAI;qBACX;oBACD;wBACC,IAAI,EAAE,QAAQ;wBACd,QAAQ,EAAE,CAAC;wBACX,KAAK,EAAE,IAAI;qBACX;iBACD;gBACD,KAAK,EAAE,KAAK;aACX;YACD;gBACC,EAAE,EAAE,GAAG;gBACP,QAAQ,EAAE;oBACT;wBACC,IAAI,EAAE,OAAO;wBACb,QAAQ,EAAE,CAAC;wBACX,KAAK,EAAE,IAAI;qBACX;oBACD;wBACC,IAAI,EAAE,QAAQ;wBACd,QAAQ,EAAE,CAAC;wBACX,KAAK,EAAE,IAAI;qBACX;oBACD;wBACC,IAAI,EAAE,QAAQ;wBACd,QAAQ,EAAE,CAAC;wBACX,KAAK,EAAE,IAAI;qBACX;oBACD;wBACC,IAAI,EAAE,QAAQ;wBACd,QAAQ,EAAE,CAAC;wBACX,KAAK,EAAE,GAAG;qBACV;iBACD;gBACD,KAAK,EAAE,KAAK;aACZ;SACD,CAAA;QACD,aAAM,CAAC,SAAS,CAAC,IAAA,0BAAe,EAAC,IAAI,CAAC,EAAE,GAAG,CAAC,CAAA;IAC7C,CAAC,CAAC,CAAA;AACH,CAAC,CAAC,CAAA"},"_coverageSchema":"1a1c01bbd47fc00a2c39e90264f33305004495a9","hash":"2acba3bfe8e186a5857aef873dd2b1005fe6554f","contentHash":"547a7ba4341a725667d89423fe965a7708e73a21995b3b95a190913e0fa38130"},"C:\\Users\\GEOVANI\\Documents\\DMCHALLgit\\DM-CHALLv2\\dist\\src\\controllers\\products\\get_product_by_name.js":{"path":"C:\\Users\\GEOVANI\\Documents\\DMCHALLgit\\DM-CHALLv2\\dist\\src\\controllers\\products\\get_product_by_name.js","statementMap":{"0":{"start":{"line":2,"column":16},"end":{"line":10,"column":1}},"1":{"start":{"line":3,"column":28},"end":{"line":3,"column":110}},"2":{"start":{"line":3,"column":91},"end":{"line":3,"column":106}},"3":{"start":{"line":4,"column":4},"end":{"line":9,"column":7}},"4":{"start":{"line":5,"column":36},"end":{"line":5,"column":97}},"5":{"start":{"line":5,"column":42},"end":{"line":5,"column":70}},"6":{"start":{"line":5,"column":85},"end":{"line":5,"column":95}},"7":{"start":{"line":6,"column":35},"end":{"line":6,"column":100}},"8":{"start":{"line":6,"column":41},"end":{"line":6,"column":73}},"9":{"start":{"line":6,"column":88},"end":{"line":6,"column":98}},"10":{"start":{"line":7,"column":32},"end":{"line":7,"column":116}},"11":{"start":{"line":8,"column":8},"end":{"line":8,"column":78}},"12":{"start":{"line":11,"column":22},"end":{"line":13,"column":1}},"13":{"start":{"line":12,"column":4},"end":{"line":12,"column":62}},"14":{"start":{"line":14,"column":0},"end":{"line":14,"column":62}},"15":{"start":{"line":15,"column":0},"end":{"line":15,"column":62}},"16":{"start":{"line":16,"column":19},"end":{"line":16,"column":67}},"17":{"start":{"line":17,"column":21},"end":{"line":17,"column":51}},"18":{"start":{"line":18,"column":17},"end":{"line":18,"column":40}},"19":{"start":{"line":19,"column":19},"end":{"line":19,"column":44}},"20":{"start":{"line":21,"column":4},"end":{"line":31,"column":7}},"21":{"start":{"line":22,"column":25},"end":{"line":22,"column":35}},"22":{"start":{"line":23,"column":27},"end":{"line":23,"column":105}},"23":{"start":{"line":24,"column":8},"end":{"line":30,"column":9}},"24":{"start":{"line":25,"column":27},"end":{"line":25,"column":68}},"25":{"start":{"line":26,"column":12},"end":{"line":26,"column":56}},"26":{"start":{"line":29,"column":12},"end":{"line":29,"column":22}},"27":{"start":{"line":33,"column":0},"end":{"line":33,"column":44}},"28":{"start":{"line":35,"column":4},"end":{"line":38,"column":7}},"29":{"start":{"line":36,"column":23},"end":{"line":36,"column":62}},"30":{"start":{"line":37,"column":8},"end":{"line":37,"column":167}},"31":{"start":{"line":37,"column":73},"end":{"line":37,"column":105}},"32":{"start":{"line":37,"column":124},"end":{"line":37,"column":162}},"33":{"start":{"line":40,"column":0},"end":{"line":40,"column":46}}},"fnMap":{"0":{"name":"(anonymous_0)","decl":{"start":{"line":2,"column":44},"end":{"line":2,"column":45}},"loc":{"start":{"line":2,"column":89},"end":{"line":10,"column":1}},"line":2},"1":{"name":"adopt","decl":{"start":{"line":3,"column":13},"end":{"line":3,"column":18}},"loc":{"start":{"line":3,"column":26},"end":{"line":3,"column":112}},"line":3},"2":{"name":"(anonymous_2)","decl":{"start":{"line":3,"column":70},"end":{"line":3,"column":71}},"loc":{"start":{"line":3,"column":89},"end":{"line":3,"column":108}},"line":3},"3":{"name":"(anonymous_3)","decl":{"start":{"line":4,"column":36},"end":{"line":4,"column":37}},"loc":{"start":{"line":4,"column":63},"end":{"line":9,"column":5}},"line":4},"4":{"name":"fulfilled","decl":{"start":{"line":5,"column":17},"end":{"line":5,"column":26}},"loc":{"start":{"line":5,"column":34},"end":{"line":5,"column":99}},"line":5},"5":{"name":"rejected","decl":{"start":{"line":6,"column":17},"end":{"line":6,"column":25}},"loc":{"start":{"line":6,"column":33},"end":{"line":6,"column":102}},"line":6},"6":{"name":"step","decl":{"start":{"line":7,"column":17},"end":{"line":7,"column":21}},"loc":{"start":{"line":7,"column":30},"end":{"line":7,"column":118}},"line":7},"7":{"name":"(anonymous_7)","decl":{"start":{"line":11,"column":56},"end":{"line":11,"column":57}},"loc":{"start":{"line":11,"column":71},"end":{"line":13,"column":1}},"line":11},"8":{"name":"getProductByName","decl":{"start":{"line":20,"column":9},"end":{"line":20,"column":25}},"loc":{"start":{"line":20,"column":36},"end":{"line":32,"column":1}},"line":20},"9":{"name":"(anonymous_9)","decl":{"start":{"line":21,"column":43},"end":{"line":21,"column":44}},"loc":{"start":{"line":21,"column":56},"end":{"line":31,"column":5}},"line":21},"10":{"name":"handlerGetProduct","decl":{"start":{"line":34,"column":9},"end":{"line":34,"column":26}},"loc":{"start":{"line":34,"column":45},"end":{"line":39,"column":1}},"line":34},"11":{"name":"(anonymous_11)","decl":{"start":{"line":35,"column":43},"end":{"line":35,"column":44}},"loc":{"start":{"line":35,"column":56},"end":{"line":38,"column":5}},"line":35},"12":{"name":"(anonymous_12)","decl":{"start":{"line":37,"column":64},"end":{"line":37,"column":65}},"loc":{"start":{"line":37,"column":71},"end":{"line":37,"column":107}},"line":37},"13":{"name":"(anonymous_13)","decl":{"start":{"line":37,"column":109},"end":{"line":37,"column":110}},"loc":{"start":{"line":37,"column":122},"end":{"line":37,"column":164}},"line":37}},"branchMap":{"0":{"loc":{"start":{"line":2,"column":16},"end":{"line":10,"column":1}},"type":"binary-expr","locations":[{"start":{"line":2,"column":17},"end":{"line":2,"column":21}},{"start":{"line":2,"column":25},"end":{"line":2,"column":39}},{"start":{"line":2,"column":44},"end":{"line":10,"column":1}}],"line":2},"1":{"loc":{"start":{"line":3,"column":35},"end":{"line":3,"column":109}},"type":"cond-expr","locations":[{"start":{"line":3,"column":56},"end":{"line":3,"column":61}},{"start":{"line":3,"column":64},"end":{"line":3,"column":109}}],"line":3},"2":{"loc":{"start":{"line":4,"column":16},"end":{"line":4,"column":34}},"type":"binary-expr","locations":[{"start":{"line":4,"column":16},"end":{"line":4,"column":17}},{"start":{"line":4,"column":22},"end":{"line":4,"column":33}}],"line":4},"3":{"loc":{"start":{"line":7,"column":32},"end":{"line":7,"column":115}},"type":"cond-expr","locations":[{"start":{"line":7,"column":46},"end":{"line":7,"column":67}},{"start":{"line":7,"column":70},"end":{"line":7,"column":115}}],"line":7},"4":{"loc":{"start":{"line":8,"column":51},"end":{"line":8,"column":67}},"type":"binary-expr","locations":[{"start":{"line":8,"column":51},"end":{"line":8,"column":61}},{"start":{"line":8,"column":65},"end":{"line":8,"column":67}}],"line":8},"5":{"loc":{"start":{"line":11,"column":22},"end":{"line":13,"column":1}},"type":"binary-expr","locations":[{"start":{"line":11,"column":23},"end":{"line":11,"column":27}},{"start":{"line":11,"column":31},"end":{"line":11,"column":51}},{"start":{"line":11,"column":56},"end":{"line":13,"column":1}}],"line":11},"6":{"loc":{"start":{"line":12,"column":11},"end":{"line":12,"column":61}},"type":"cond-expr","locations":[{"start":{"line":12,"column":37},"end":{"line":12,"column":40}},{"start":{"line":12,"column":43},"end":{"line":12,"column":61}}],"line":12},"7":{"loc":{"start":{"line":12,"column":12},"end":{"line":12,"column":33}},"type":"binary-expr","locations":[{"start":{"line":12,"column":12},"end":{"line":12,"column":15}},{"start":{"line":12,"column":19},"end":{"line":12,"column":33}}],"line":12}},"s":{"0":1,"1":2,"2":0,"3":2,"4":2,"5":2,"6":0,"7":0,"8":0,"9":0,"10":4,"11":2,"12":1,"13":1,"14":1,"15":1,"16":1,"17":1,"18":1,"19":1,"20":0,"21":0,"22":0,"23":0,"24":0,"25":0,"26":0,"27":1,"28":2,"29":2,"30":2,"31":1,"32":1,"33":1},"f":{"0":2,"1":2,"2":0,"3":2,"4":2,"5":0,"6":4,"7":1,"8":0,"9":0,"10":2,"11":2,"12":1,"13":1},"b":{"0":[1,1,1],"1":[2,0],"2":[2,2],"3":[2,2],"4":[2,2],"5":[1,1,1],"6":[1,0],"7":[1,1]},"inputSourceMap":{"version":3,"file":"get_product_by_name.js","sourceRoot":"","sources":["../../../../src/controllers/products/get_product_by_name.ts"],"names":[],"mappings":";;;;;;;;;;;;;;;AACA,oEAAqC;AACrC,oDAA8D;AAC9D,yCAAoC;AACpC,6CAAqC;AAErC,SAAsB,gBAAgB,CAAC,GAAY,EAAE,GAAa;;QACjE,MAAM,EAAE,IAAI,EAAE,GAAG,GAAG,CAAC,MAAM,CAAA;QAC3B,MAAM,UAAU,GAAG,IAAI,uBAAU,CAAC,IAAI,yBAAY,CAAC,kBAAE,CAAC,CAAC,CAAA;QACvD,IAAI;YACH,MAAM,MAAM,GAAG,MAAM,iBAAiB,CAAC,UAAU,EAAC,IAAI,CAAC,CAAA;YACvD,GAAG,CAAC,MAAM,CAAC,MAAM,CAAC,MAAM,CAAC,CAAC,IAAI,CAAC,MAAM,CAAC,IAAI,CAAC,CAAA;SAC3C;QAAC,OAAO,GAAG,EAAE;YACb,MAAM,GAAG,CAAA,CAAC,gBAAgB;SAC1B;IACF,CAAC;CAAA;AATD,4CASC;AAED,SAAsB,iBAAiB,CAAC,UAAsB,EAAE,IAAY;;QAC3E,MAAM,MAAM,GAAG,MAAM,UAAU,CAAC,gBAAgB,CAAC,IAAI,CAAC,CAAA;QACtD,OAAO,IAAA,eAAI,EAAC,MAAM,EAAE,IAAA,cAAK,EACxB,CAAC,CAAC,EAAE,EAAE,GAAG,OAAO,EAAC,MAAM,EAAE,GAAG,EAAE,IAAI,EAAE,CAAQ,EAAC,CAAA,CAAC,CAAC,EAC/C,CAAC,OAAO,EAAE,EAAE,GAAG,OAAO,EAAE,MAAM,EAAE,GAAG,EAAE,IAAI,EAAE,OAAO,EAAE,CAAA,CAAC,CAAC,CACtD,CAAC,CAAA;IACH,CAAC;CAAA;AAND,8CAMC"},"_coverageSchema":"1a1c01bbd47fc00a2c39e90264f33305004495a9","hash":"1071a277474933ad86bd0b4cf11534c4c002b1a2","contentHash":"0273249cdbe88833e8774bca3eefbedb9f638f116fb2bc88b1574b8812814adb"},"C:\\Users\\GEOVANI\\Documents\\DMCHALLgit\\DM-CHALLv2\\dist\\src\\setup\\database.js":{"path":"C:\\Users\\GEOVANI\\Documents\\DMCHALLgit\\DM-CHALLv2\\dist\\src\\setup\\database.js","statementMap":{"0":{"start":{"line":2,"column":22},"end":{"line":8,"column":3}},"1":{"start":{"line":3,"column":4},"end":{"line":3,"column":33}},"2":{"start":{"line":3,"column":26},"end":{"line":3,"column":33}},"3":{"start":{"line":4,"column":4},"end":{"line":4,"column":89}},"4":{"start":{"line":4,"column":71},"end":{"line":4,"column":83}},"5":{"start":{"line":6,"column":4},"end":{"line":6,"column":33}},"6":{"start":{"line":6,"column":26},"end":{"line":6,"column":33}},"7":{"start":{"line":7,"column":4},"end":{"line":7,"column":17}},"8":{"start":{"line":9,"column":25},"end":{"line":13,"column":2}},"9":{"start":{"line":10,"column":4},"end":{"line":10,"column":72}},"10":{"start":{"line":12,"column":4},"end":{"line":12,"column":21}},"11":{"start":{"line":14,"column":19},"end":{"line":20,"column":1}},"12":{"start":{"line":15,"column":4},"end":{"line":15,"column":42}},"13":{"start":{"line":15,"column":31},"end":{"line":15,"column":42}},"14":{"start":{"line":16,"column":17},"end":{"line":16,"column":19}},"15":{"start":{"line":17,"column":4},"end":{"line":17,"column":141}},"16":{"start":{"line":17,"column":21},"end":{"line":17,"column":141}},"17":{"start":{"line":17,"column":40},"end":{"line":17,"column":141}},"18":{"start":{"line":17,"column":109},"end":{"line":17,"column":141}},"19":{"start":{"line":18,"column":4},"end":{"line":18,"column":36}},"20":{"start":{"line":19,"column":4},"end":{"line":19,"column":18}},"21":{"start":{"line":21,"column":22},"end":{"line":23,"column":1}},"22":{"start":{"line":22,"column":4},"end":{"line":22,"column":62}},"23":{"start":{"line":24,"column":0},"end":{"line":24,"column":62}},"24":{"start":{"line":25,"column":11},"end":{"line":25,"column":38}},"25":{"start":{"line":26,"column":17},"end":{"line":26,"column":53}},"26":{"start":{"line":27,"column":11},"end":{"line":33,"column":2}},"27":{"start":{"line":34,"column":20},"end":{"line":34,"column":24}},"28":{"start":{"line":35,"column":0},"end":{"line":35,"column":72}},"29":{"start":{"line":35,"column":45},"end":{"line":35,"column":68}},"30":{"start":{"line":36,"column":0},"end":{"line":36,"column":21}}},"fnMap":{"0":{"name":"(anonymous_0)","decl":{"start":{"line":2,"column":74},"end":{"line":2,"column":75}},"loc":{"start":{"line":2,"column":96},"end":{"line":5,"column":1}},"line":2},"1":{"name":"(anonymous_1)","decl":{"start":{"line":4,"column":58},"end":{"line":4,"column":59}},"loc":{"start":{"line":4,"column":69},"end":{"line":4,"column":85}},"line":4},"2":{"name":"(anonymous_2)","decl":{"start":{"line":5,"column":6},"end":{"line":5,"column":7}},"loc":{"start":{"line":5,"column":28},"end":{"line":8,"column":1}},"line":5},"3":{"name":"(anonymous_3)","decl":{"start":{"line":9,"column":80},"end":{"line":9,"column":81}},"loc":{"start":{"line":9,"column":95},"end":{"line":11,"column":1}},"line":9},"4":{"name":"(anonymous_4)","decl":{"start":{"line":11,"column":5},"end":{"line":11,"column":6}},"loc":{"start":{"line":11,"column":20},"end":{"line":13,"column":1}},"line":11},"5":{"name":"(anonymous_5)","decl":{"start":{"line":14,"column":50},"end":{"line":14,"column":51}},"loc":{"start":{"line":14,"column":65},"end":{"line":20,"column":1}},"line":14},"6":{"name":"(anonymous_6)","decl":{"start":{"line":21,"column":56},"end":{"line":21,"column":57}},"loc":{"start":{"line":21,"column":71},"end":{"line":23,"column":1}},"line":21},"7":{"name":"(anonymous_7)","decl":{"start":{"line":35,"column":36},"end":{"line":35,"column":37}},"loc":{"start":{"line":35,"column":43},"end":{"line":35,"column":70}},"line":35}},"branchMap":{"0":{"loc":{"start":{"line":2,"column":22},"end":{"line":8,"column":3}},"type":"binary-expr","locations":[{"start":{"line":2,"column":23},"end":{"line":2,"column":27}},{"start":{"line":2,"column":31},"end":{"line":2,"column":51}},{"start":{"line":2,"column":57},"end":{"line":8,"column":2}}],"line":2},"1":{"loc":{"start":{"line":2,"column":57},"end":{"line":8,"column":2}},"type":"cond-expr","locations":[{"start":{"line":2,"column":74},"end":{"line":5,"column":1}},{"start":{"line":5,"column":6},"end":{"line":8,"column":1}}],"line":2},"2":{"loc":{"start":{"line":3,"column":4},"end":{"line":3,"column":33}},"type":"if","locations":[{"start":{"line":3,"column":4},"end":{"line":3,"column":33}},{"start":{"line":3,"column":4},"end":{"line":3,"column":33}}],"line":3},"3":{"loc":{"start":{"line":6,"column":4},"end":{"line":6,"column":33}},"type":"if","locations":[{"start":{"line":6,"column":4},"end":{"line":6,"column":33}},{"start":{"line":6,"column":4},"end":{"line":6,"column":33}}],"line":6},"4":{"loc":{"start":{"line":9,"column":25},"end":{"line":13,"column":2}},"type":"binary-expr","locations":[{"start":{"line":9,"column":26},"end":{"line":9,"column":30}},{"start":{"line":9,"column":34},"end":{"line":9,"column":57}},{"start":{"line":9,"column":63},"end":{"line":13,"column":1}}],"line":9},"5":{"loc":{"start":{"line":9,"column":63},"end":{"line":13,"column":1}},"type":"cond-expr","locations":[{"start":{"line":9,"column":80},"end":{"line":11,"column":1}},{"start":{"line":11,"column":5},"end":{"line":13,"column":1}}],"line":9},"6":{"loc":{"start":{"line":14,"column":19},"end":{"line":20,"column":1}},"type":"binary-expr","locations":[{"start":{"line":14,"column":20},"end":{"line":14,"column":24}},{"start":{"line":14,"column":28},"end":{"line":14,"column":45}},{"start":{"line":14,"column":50},"end":{"line":20,"column":1}}],"line":14},"7":{"loc":{"start":{"line":15,"column":4},"end":{"line":15,"column":42}},"type":"if","locations":[{"start":{"line":15,"column":4},"end":{"line":15,"column":42}},{"start":{"line":15,"column":4},"end":{"line":15,"column":42}}],"line":15},"8":{"loc":{"start":{"line":15,"column":8},"end":{"line":15,"column":29}},"type":"binary-expr","locations":[{"start":{"line":15,"column":8},"end":{"line":15,"column":11}},{"start":{"line":15,"column":15},"end":{"line":15,"column":29}}],"line":15},"9":{"loc":{"start":{"line":17,"column":4},"end":{"line":17,"column":141}},"type":"if","locations":[{"start":{"line":17,"column":4},"end":{"line":17,"column":141}},{"start":{"line":17,"column":4},"end":{"line":17,"column":141}}],"line":17},"10":{"loc":{"start":{"line":17,"column":40},"end":{"line":17,"column":141}},"type":"if","locations":[{"start":{"line":17,"column":40},"end":{"line":17,"column":141}},{"start":{"line":17,"column":40},"end":{"line":17,"column":141}}],"line":17},"11":{"loc":{"start":{"line":17,"column":44},"end":{"line":17,"column":107}},"type":"binary-expr","locations":[{"start":{"line":17,"column":44},"end":{"line":17,"column":59}},{"start":{"line":17,"column":63},"end":{"line":17,"column":107}}],"line":17},"12":{"loc":{"start":{"line":21,"column":22},"end":{"line":23,"column":1}},"type":"binary-expr","locations":[{"start":{"line":21,"column":23},"end":{"line":21,"column":27}},{"start":{"line":21,"column":31},"end":{"line":21,"column":51}},{"start":{"line":21,"column":56},"end":{"line":23,"column":1}}],"line":21},"13":{"loc":{"start":{"line":22,"column":11},"end":{"line":22,"column":61}},"type":"cond-expr","locations":[{"start":{"line":22,"column":37},"end":{"line":22,"column":40}},{"start":{"line":22,"column":43},"end":{"line":22,"column":61}}],"line":22},"14":{"loc":{"start":{"line":22,"column":12},"end":{"line":22,"column":33}},"type":"binary-expr","locations":[{"start":{"line":22,"column":12},"end":{"line":22,"column":15}},{"start":{"line":22,"column":19},"end":{"line":22,"column":33}}],"line":22}},"s":{"0":1,"1":8,"2":8,"3":8,"4":2,"5":0,"6":0,"7":0,"8":1,"9":1,"10":0,"11":1,"12":1,"13":0,"14":1,"15":1,"16":1,"17":8,"18":8,"19":1,"20":1,"21":1,"22":1,"23":1,"24":1,"25":1,"26":1,"27":1,"28":1,"29":0,"30":1},"f":{"0":8,"1":2,"2":0,"3":1,"4":0,"5":1,"6":1,"7":0},"b":{"0":[1,1,1],"1":[1,0],"2":[8,0],"3":[0,0],"4":[1,1,1],"5":[1,0],"6":[1,1,1],"7":[0,1],"8":[1,1],"9":[1,0],"10":[8,0],"11":[8,8],"12":[1,1,1],"13":[1,0],"14":[1,1]},"inputSourceMap":{"version":3,"file":"database.js","sourceRoot":"","sources":["../../../src/setup/database.ts"],"names":[],"mappings":";;;;;;;;;;;;;;;;;;;;;;;;AAAA,uCAAwB;AACxB,sDAA6B;AAE7B,MAAM,EAAE,GAAG,IAAI,EAAE,CAAC,IAAI,CAAC;IACtB,IAAI,EAAE,gBAAM,CAAC,OAAO;IACpB,IAAI,EAAE,gBAAM,CAAC,OAAO;IACpB,QAAQ,EAAE,gBAAM,CAAC,WAAW;IAC5B,QAAQ,EAAE,gBAAM,CAAC,WAAW;IAC5B,IAAI,EAAE,gBAAM,CAAC,OAAO;CACpB,CAAC,CAAA;AAEF,MAAM,WAAW,GAAG,IAAI,CAAA;AACxB,EAAE,CAAC,KAAK,CAAC,aAAa,CAAC,WAAW,EAAE,GAAG,CAAC,EAAE,GAAG,OAAO,UAAU,CAAC,GAAG,CAAC,CAAA,CAAC,CAAC,CAAC,CAAA;AAEtE,kBAAe,EAAE,CAAA"},"_coverageSchema":"1a1c01bbd47fc00a2c39e90264f33305004495a9","hash":"06b851da11eed2b27aa3f488cf1fffcd6561030c","contentHash":"4769565e8cd1e25ddd4d2f8de778b90eff84b1445312dfcc9343210ee4319366"},"C:\\Users\\GEOVANI\\Documents\\DMCHALLgit\\DM-CHALLv2\\dist\\src\\setup\\config.js":{"path":"C:\\Users\\GEOVANI\\Documents\\DMCHALLgit\\DM-CHALLv2\\dist\\src\\setup\\config.js","statementMap":{"0":{"start":{"line":2,"column":0},"end":{"line":2,"column":62}},"1":{"start":{"line":3,"column":15},"end":{"line":3,"column":37}},"2":{"start":{"line":4,"column":27},"end":{"line":4,"column":42}},"3":{"start":{"line":5,"column":0},"end":{"line":5,"column":25}}},"fnMap":{},"branchMap":{},"s":{"0":1,"1":1,"2":1,"3":1},"f":{},"b":{},"inputSourceMap":{"version":3,"file":"config.js","sourceRoot":"","sources":["../../../src/setup/config.ts"],"names":[],"mappings":";;AAAA,MAAM,MAAM,GAAG,OAAO,CAAC,aAAa,CAAC,CAAA;AAErC,MAAM,EAAE,MAAM,EAAE,MAAM,EAAE,GAAG,MAAM,CAAC,MAAM,EAAE,CAAA;AAE1C,kBAAe,MAAM,CAAA"},"_coverageSchema":"1a1c01bbd47fc00a2c39e90264f33305004495a9","hash":"c3c502402cec4c5c665be04c65adba9f851c0c00","contentHash":"af41a6105f82d2b0c5c387af4617804a86d6b71e87091fbfaf489470ad7108b5"},"C:\\Users\\GEOVANI\\Documents\\DMCHALLgit\\DM-CHALLv2\\dist\\src\\db\\productdao.js":{"path":"C:\\Users\\GEOVANI\\Documents\\DMCHALLgit\\DM-CHALLv2\\dist\\src\\db\\productdao.js","statementMap":{"0":{"start":{"line":2,"column":16},"end":{"line":10,"column":1}},"1":{"start":{"line":3,"column":28},"end":{"line":3,"column":110}},"2":{"start":{"line":3,"column":91},"end":{"line":3,"column":106}},"3":{"start":{"line":4,"column":4},"end":{"line":9,"column":7}},"4":{"start":{"line":5,"column":36},"end":{"line":5,"column":97}},"5":{"start":{"line":5,"column":42},"end":{"line":5,"column":70}},"6":{"start":{"line":5,"column":85},"end":{"line":5,"column":95}},"7":{"start":{"line":6,"column":35},"end":{"line":6,"column":100}},"8":{"start":{"line":6,"column":41},"end":{"line":6,"column":73}},"9":{"start":{"line":6,"column":88},"end":{"line":6,"column":98}},"10":{"start":{"line":7,"column":32},"end":{"line":7,"column":116}},"11":{"start":{"line":8,"column":8},"end":{"line":8,"column":78}},"12":{"start":{"line":11,"column":0},"end":{"line":11,"column":62}},"13":{"start":{"line":12,"column":0},"end":{"line":12,"column":76}},"14":{"start":{"line":13,"column":17},"end":{"line":13,"column":40}},"15":{"start":{"line":14,"column":16},"end":{"line":14,"column":35}},"16":{"start":{"line":17,"column":8},"end":{"line":17,"column":35}},"17":{"start":{"line":20,"column":8},"end":{"line":22,"column":11}},"18":{"start":{"line":21,"column":12},"end":{"line":21,"column":63}},"19":{"start":{"line":25,"column":8},"end":{"line":27,"column":11}},"20":{"start":{"line":26,"column":12},"end":{"line":26,"column":71}},"21":{"start":{"line":30,"column":8},"end":{"line":32,"column":11}},"22":{"start":{"line":31,"column":12},"end":{"line":31,"column":71}},"23":{"start":{"line":35,"column":0},"end":{"line":35,"column":32}},"24":{"start":{"line":38,"column":8},"end":{"line":38,"column":25}},"25":{"start":{"line":41,"column":8},"end":{"line":57,"column":11}},"26":{"start":{"line":42,"column":27},"end":{"line":42,"column":52}},"27":{"start":{"line":43,"column":12},"end":{"line":56,"column":13}},"28":{"start":{"line":44,"column":28},"end":{"line":44,"column":139}},"29":{"start":{"line":45,"column":16},"end":{"line":45,"column":33}},"30":{"start":{"line":46,"column":16},"end":{"line":51,"column":17}},"31":{"start":{"line":47,"column":20},"end":{"line":47,"column":58}},"32":{"start":{"line":50,"column":20},"end":{"line":50,"column":60}},"33":{"start":{"line":54,"column":16},"end":{"line":54,"column":33}},"34":{"start":{"line":55,"column":16},"end":{"line":55,"column":24}},"35":{"start":{"line":60,"column":8},"end":{"line":74,"column":11}},"36":{"start":{"line":61,"column":27},"end":{"line":61,"column":52}},"37":{"start":{"line":62,"column":12},"end":{"line":73,"column":13}},"38":{"start":{"line":63,"column":28},"end":{"line":63,"column":172}},"39":{"start":{"line":64,"column":16},"end":{"line":64,"column":33}},"40":{"start":{"line":65,"column":16},"end":{"line":67,"column":17}},"41":{"start":{"line":66,"column":20},"end":{"line":66,"column":58}},"42":{"start":{"line":68,"column":16},"end":{"line":68,"column":56}},"43":{"start":{"line":71,"column":16},"end":{"line":71,"column":33}},"44":{"start":{"line":72,"column":16},"end":{"line":72,"column":24}},"45":{"start":{"line":77,"column":8},"end":{"line":94,"column":11}},"46":{"start":{"line":78,"column":27},"end":{"line":78,"column":52}},"47":{"start":{"line":79,"column":12},"end":{"line":93,"column":13}},"48":{"start":{"line":80,"column":28},"end":{"line":80,"column":172}},"49":{"start":{"line":81,"column":16},"end":{"line":81,"column":33}},"50":{"start":{"line":82,"column":16},"end":{"line":84,"column":17}},"51":{"start":{"line":83,"column":20},"end":{"line":83,"column":58}},"52":{"start":{"line":85,"column":16},"end":{"line":85,"column":56}},"53":{"start":{"line":88,"column":16},"end":{"line":88,"column":33}},"54":{"start":{"line":89,"column":16},"end":{"line":91,"column":17}},"55":{"start":{"line":90,"column":20},"end":{"line":90,"column":65}},"56":{"start":{"line":92,"column":16},"end":{"line":92,"column":24}},"57":{"start":{"line":97,"column":0},"end":{"line":97,"column":36}},"58":{"start":{"line":100,"column":8},"end":{"line":100,"column":43}},"59":{"start":{"line":103,"column":8},"end":{"line":116,"column":11}},"60":{"start":{"line":104,"column":12},"end":{"line":114,"column":13}},"61":{"start":{"line":104,"column":25},"end":{"line":104,"column":26}},"62":{"start":{"line":105,"column":16},"end":{"line":113,"column":17}},"63":{"start":{"line":106,"column":32},"end":{"line":111,"column":21}},"64":{"start":{"line":112,"column":20},"end":{"line":112,"column":52}},"65":{"start":{"line":115,"column":12},"end":{"line":115,"column":50}},"66":{"start":{"line":119,"column":8},"end":{"line":133,"column":11}},"67":{"start":{"line":120,"column":12},"end":{"line":131,"column":13}},"68":{"start":{"line":120,"column":25},"end":{"line":120,"column":26}},"69":{"start":{"line":121,"column":16},"end":{"line":130,"column":17}},"70":{"start":{"line":122,"column":20},"end":{"line":122,"column":56}},"71":{"start":{"line":123,"column":32},"end":{"line":128,"column":21}},"72":{"start":{"line":129,"column":20},"end":{"line":129,"column":52}},"73":{"start":{"line":132,"column":12},"end":{"line":132,"column":50}},"74":{"start":{"line":136,"column":8},"end":{"line":153,"column":11}},"75":{"start":{"line":137,"column":12},"end":{"line":151,"column":13}},"76":{"start":{"line":137,"column":25},"end":{"line":137,"column":26}},"77":{"start":{"line":138,"column":16},"end":{"line":150,"column":17}},"78":{"start":{"line":139,"column":20},"end":{"line":141,"column":21}},"79":{"start":{"line":140,"column":24},"end":{"line":140,"column":69}},"80":{"start":{"line":142,"column":20},"end":{"line":142,"column":56}},"81":{"start":{"line":143,"column":32},"end":{"line":148,"column":21}},"82":{"start":{"line":149,"column":20},"end":{"line":149,"column":52}},"83":{"start":{"line":152,"column":12},"end":{"line":152,"column":50}},"84":{"start":{"line":156,"column":0},"end":{"line":156,"column":40}}},"fnMap":{"0":{"name":"(anonymous_0)","decl":{"start":{"line":2,"column":44},"end":{"line":2,"column":45}},"loc":{"start":{"line":2,"column":89},"end":{"line":10,"column":1}},"line":2},"1":{"name":"adopt","decl":{"start":{"line":3,"column":13},"end":{"line":3,"column":18}},"loc":{"start":{"line":3,"column":26},"end":{"line":3,"column":112}},"line":3},"2":{"name":"(anonymous_2)","decl":{"start":{"line":3,"column":70},"end":{"line":3,"column":71}},"loc":{"start":{"line":3,"column":89},"end":{"line":3,"column":108}},"line":3},"3":{"name":"(anonymous_3)","decl":{"start":{"line":4,"column":36},"end":{"line":4,"column":37}},"loc":{"start":{"line":4,"column":63},"end":{"line":9,"column":5}},"line":4},"4":{"name":"fulfilled","decl":{"start":{"line":5,"column":17},"end":{"line":5,"column":26}},"loc":{"start":{"line":5,"column":34},"end":{"line":5,"column":99}},"line":5},"5":{"name":"rejected","decl":{"start":{"line":6,"column":17},"end":{"line":6,"column":25}},"loc":{"start":{"line":6,"column":33},"end":{"line":6,"column":102}},"line":6},"6":{"name":"step","decl":{"start":{"line":7,"column":17},"end":{"line":7,"column":21}},"loc":{"start":{"line":7,"column":30},"end":{"line":7,"column":118}},"line":7},"7":{"name":"(anonymous_7)","decl":{"start":{"line":16,"column":4},"end":{"line":16,"column":5}},"loc":{"start":{"line":16,"column":27},"end":{"line":18,"column":5}},"line":16},"8":{"name":"(anonymous_8)","decl":{"start":{"line":19,"column":4},"end":{"line":19,"column":5}},"loc":{"start":{"line":19,"column":27},"end":{"line":23,"column":5}},"line":19},"9":{"name":"(anonymous_9)","decl":{"start":{"line":20,"column":47},"end":{"line":20,"column":48}},"loc":{"start":{"line":20,"column":60},"end":{"line":22,"column":9}},"line":20},"10":{"name":"(anonymous_10)","decl":{"start":{"line":24,"column":4},"end":{"line":24,"column":5}},"loc":{"start":{"line":24,"column":35},"end":{"line":28,"column":5}},"line":24},"11":{"name":"(anonymous_11)","decl":{"start":{"line":25,"column":47},"end":{"line":25,"column":48}},"loc":{"start":{"line":25,"column":60},"end":{"line":27,"column":9}},"line":25},"12":{"name":"(anonymous_12)","decl":{"start":{"line":29,"column":4},"end":{"line":29,"column":5}},"loc":{"start":{"line":29,"column":35},"end":{"line":33,"column":5}},"line":29},"13":{"name":"(anonymous_13)","decl":{"start":{"line":30,"column":47},"end":{"line":30,"column":48}},"loc":{"start":{"line":30,"column":60},"end":{"line":32,"column":9}},"line":30},"14":{"name":"(anonymous_14)","decl":{"start":{"line":37,"column":4},"end":{"line":37,"column":5}},"loc":{"start":{"line":37,"column":22},"end":{"line":39,"column":5}},"line":37},"15":{"name":"(anonymous_15)","decl":{"start":{"line":40,"column":4},"end":{"line":40,"column":5}},"loc":{"start":{"line":40,"column":27},"end":{"line":58,"column":5}},"line":40},"16":{"name":"(anonymous_16)","decl":{"start":{"line":41,"column":47},"end":{"line":41,"column":48}},"loc":{"start":{"line":41,"column":60},"end":{"line":57,"column":9}},"line":41},"17":{"name":"(anonymous_17)","decl":{"start":{"line":59,"column":4},"end":{"line":59,"column":5}},"loc":{"start":{"line":59,"column":35},"end":{"line":75,"column":5}},"line":59},"18":{"name":"(anonymous_18)","decl":{"start":{"line":60,"column":47},"end":{"line":60,"column":48}},"loc":{"start":{"line":60,"column":60},"end":{"line":74,"column":9}},"line":60},"19":{"name":"(anonymous_19)","decl":{"start":{"line":76,"column":4},"end":{"line":76,"column":5}},"loc":{"start":{"line":76,"column":35},"end":{"line":95,"column":5}},"line":76},"20":{"name":"(anonymous_20)","decl":{"start":{"line":77,"column":47},"end":{"line":77,"column":48}},"loc":{"start":{"line":77,"column":60},"end":{"line":94,"column":9}},"line":77},"21":{"name":"(anonymous_21)","decl":{"start":{"line":99,"column":4},"end":{"line":99,"column":5}},"loc":{"start":{"line":99,"column":31},"end":{"line":101,"column":5}},"line":99},"22":{"name":"(anonymous_22)","decl":{"start":{"line":102,"column":4},"end":{"line":102,"column":5}},"loc":{"start":{"line":102,"c
[...]
umn":8},"end":{"line":16,"column":11}},"4":{"start":{"line":7,"column":12},"end":{"line":14,"column":13}},"5":{"start":{"line":13,"column":16},"end":{"line":13,"column":28}},"6":{"start":{"line":15,"column":12},"end":{"line":15,"column":25}},"7":{"start":{"line":19,"column":8},"end":{"line":19,"column":21}},"8":{"start":{"line":22,"column":0},"end":{"line":22,"column":46}},"9":{"start":{"line":23,"column":27},"end":{"line":23,"column":53}},"10":{"start":{"line":23,"column":36},"end":{"line":23,"column":53}},"11":{"start":{"line":24,"column":0},"end":{"line":24,"column":48}}},"fnMap":{"0":{"name":"isCreateOrderBody","decl":{"start":{"line":4,"column":9},"end":{"line":4,"column":26}},"loc":{"start":{"line":4,"column":30},"end":{"line":21,"column":1}},"line":4},"1":{"name":"(anonymous_1)","decl":{"start":{"line":6,"column":23},"end":{"line":6,"column":24}},"loc":{"start":{"line":6,"column":28},"end":{"line":16,"column":9}},"line":6},"2":{"name":"(anonymous_2)","decl":{"start":{"line":23,"column":27},"end":{"line":23,"column":28}},"loc":{"start":{"line":23,"column":36},"end":{"line":23,"column":53}},"line":23}},"branchMap":{"0":{"loc":{"start":{"line":5,"column":4},"end":{"line":20,"column":5}},"type":"if","locations":[{"start":{"line":5,"column":4},"end":{"line":20,"column":5}},{"start":{"line":5,"column":4},"end":{"line":20,"column":5}}],"line":5},"1":{"loc":{"start":{"line":5,"column":8},"end":{"line":5,"column":40}},"type":"binary-expr","locations":[{"start":{"line":5,"column":8},"end":{"line":5,"column":24}},{"start":{"line":5,"column":28},"end":{"line":5,"column":40}}],"line":5},"2":{"loc":{"start":{"line":7,"column":12},"end":{"line":14,"column":13}},"type":"if","locations":[{"start":{"line":7,"column":12},"end":{"line":14,"column":13}},{"start":{"line":7,"column":12},"end":{"line":14,"column":13}}],"line":7},"3":{"loc":{"start":{"line":7,"column":16},"end":{"line":12,"column":33}},"type":"binary-expr","locations":[{"start":{"line":7,"column":16},"end":{"line":7,"column":37}},{"start":{"line":8,"column":19},"end":{"line":8,"column":25}},{"start":{"line":9,"column":19},"end":{"line":9,"column":45}},{"start":{"line":10,"column":19},"end":{"line":10,"column":29}},{"start":{"line":11,"column":19},"end":{"line":11,"column":49}},{"start":{"line":12,"column":19},"end":{"line":12,"column":33}}],"line":7}},"s":{"0":1,"1":1,"2":20,"3":16,"4":18,"5":9,"6":9,"7":4,"8":1,"9":1,"10":2,"11":1},"f":{"0":20,"1":18,"2":2},"b":{"0":[16,4],"1":[20,17],"2":[9,9],"3":[18,16,14,13,11,11]},"inputSourceMap":{"version":3,"file":"index.js","sourceRoot":"","sources":["../../../src/validators/index.ts"],"names":[],"mappings":";;;AAAA,SAAgB,iBAAiB,CAAC,CAAM;IACvC,IAAI,KAAK,CAAC,OAAO,CAAC,CAAC,CAAC,IAAI,CAAC,CAAC,MAAM,GAAG,CAAC,EAAE;QACrC,OAAO,CAAC,CAAC,KAAK,CAAC,CAAC,CAAC,EAAE;YAClB,IAAI,OAAO,CAAC,KAAK,QAAQ;mBACrB,CAAC,CAAC,IAAI;mBACN,OAAO,CAAC,CAAC,IAAI,KAAK,QAAQ;mBAC1B,CAAC,CAAC,QAAQ;mBACV,OAAO,CAAC,CAAC,QAAQ,KAAK,QAAQ;mBAC9B,CAAC,CAAC,QAAQ,GAAG,CAAC,EAAE;gBAEnB,OAAO,IAAI,CAAA;aACX;YACD,OAAO,KAAK,CAAA;QACb,CAAC,CAAC,CAAA;KACF;SAAM;QACN,OAAO,KAAK,CAAA;KACZ;AACF,CAAC;AAjBD,8CAiBC;AAEM,MAAM,kBAAkB,GAAG,CAAC,GAAW,EAAE,EAAE,CAAC,OAAO,CAAC,IAAI,CAAC,GAAG,CAAC,CAAA;AAAvD,QAAA,kBAAkB,sBAAqC"},"_coverageSchema":"1a1c01bbd47fc00a2c39e90264f33305004495a9","hash":"d5d528342ee17c3627b4dc5c5cd750661ab6d6a0","contentHash":"eece717a7b47fd2d6e44f4a1de2bb0b6c9dd0cba95bedd76e800187f1d7273b3"},"C:\\Users\\GEOVANI\\Documents\\DMCHALLgit\\DM-CHALLv2\\dist\\src\\controllers\\orders\\get_all_orders.js":{"path":"C:\\Users\\GEOVANI\\Documents\\DMCHALLgit\\DM-CHALLv2\\dist\\src\\controllers\\orders\\get_all_orders.js","statementMap":{"0":{"start":{"line":2,"column":16},"end":{"line":10,"column":1}},"1":{"start":{"line":3,"column":28},"end":{"line":3,"column":110}},"2":{"start":{"line":3,"column":91},"end":{"line":3,"column":106}},"3":{"start":{"line":4,"column":4},"end":{"line":9,"column":7}},"4":{"start":{"line":5,"column":36},"end":{"line":5,"column":97}},"5":{"start":{"line":5,"column":42},"end":{"line":5,"column":70}},"6":{"start":{"line":5,"column":85},"end":{"line":5,"column":95}},"7":{"start":{"line":6,"column":35},"end":{"line":6,"column":100}},"8":{"start":{"line":6,"column":41},"end":{"line":6,"column":73}},"9":{"start":{"line":6,"column":88},"end":{"line":6,"column":98}},"10":{"start":{"line":7,"column":32},"end":{"line":7,"column":116}},"11":{"start":{"line":8,"column":8},"end":{"line":8,"column":78}},"12":{"start":{"line":11,"column":22},"end":{"line":13,"column":1}},"13":{"start":{"line":12,"column":4},"end":{"line":12,"column":62}},"14":{"start":{"line":14,"column":0},"end":{"line":14,"column":62}},"15":{"start":{"line":15,"column":0},"end":{"line":15,"column":60}},"16":{"start":{"line":16,"column":19},"end":{"line":16,"column":67}},"17":{"start":{"line":17,"column":19},"end":{"line":17,"column":47}},"18":{"start":{"line":19,"column":4},"end":{"line":23,"column":7}},"19":{"start":{"line":20,"column":25},"end":{"line":20,"column":95}},"20":{"start":{"line":21,"column":23},"end":{"line":21,"column":58}},"21":{"start":{"line":22,"column":8},"end":{"line":22,"column":52}},"22":{"start":{"line":25,"column":0},"end":{"line":25,"column":36}},"23":{"start":{"line":27,"column":4},"end":{"line":33,"column":7}},"24":{"start":{"line":28,"column":23},"end":{"line":28,"column":52}},"25":{"start":{"line":29,"column":8},"end":{"line":32,"column":10}},"26":{"start":{"line":35,"column":0},"end":{"line":35,"column":50}}},"fnMap":{"0":{"name":"(anonymous_0)","decl":{"start":{"line":2,"column":44},"end":{"line":2,"column":45}},"loc":{"start":{"line":2,"column":89},"end":{"line":10,"column":1}},"line":2},"1":{"name":"adopt","decl":{"start":{"line":3,"column":13},"end":{"line":3,"column":18}},"loc":{"start":{"line":3,"column":26},"end":{"line":3,"column":112}},"line":3},"2":{"name":"(anonymous_2)","decl":{"start":{"line":3,"column":70},"end":{"line":3,"column":71}},"loc":{"start":{"line":3,"column":89},"end":{"line":3,"column":108}},"line":3},"3":{"name":"(anonymous_3)","decl":{"start":{"line":4,"column":36},"end":{"line":4,"column":37}},"loc":{"start":{"line":4,"column":63},"end":{"line":9,"column":5}},"line":4},"4":{"name":"fulfilled","decl":{"start":{"line":5,"column":17},"end":{"line":5,"column":26}},"loc":{"start":{"line":5,"column":34},"end":{"line":5,"column":99}},"line":5},"5":{"name":"rejected","decl":{"start":{"line":6,"column":17},"end":{"line":6,"column":25}},"loc":{"start":{"line":6,"column":33},"end":{"line":6,"column":102}},"line":6},"6":{"name":"step","decl":{"start":{"line":7,"column":17},"end":{"line":7,"column":21}},"loc":{"start":{"line":7,"column":30},"end":{"line":7,"column":118}},"line":7},"7":{"name":"(anonymous_7)","decl":{"start":{"line":11,"column":56},"end":{"line":11,"column":57}},"loc":{"start":{"line":11,"column":71},"end":{"line":13,"column":1}},"line":11},"8":{"name":"getAllOrders","decl":{"start":{"line":18,"column":9},"end":{"line":18,"column":21}},"loc":{"start":{"line":18,"column":32},"end":{"line":24,"column":1}},"line":18},"9":{"name":"(anonymous_9)","decl":{"start":{"line":19,"column":43},"end":{"line":19,"column":44}},"loc":{"start":{"line":19,"column":56},"end":{"line":23,"column":5}},"line":19},"10":{"name":"handlerGetAllOrders","decl":{"start":{"line":26,"column":9},"end":{"line":26,"column":28}},"loc":{"start":{"line":26,"column":39},"end":{"line":34,"column":1}},"line":26},"11":{"name":"(anonymous_11)","decl":{"start":{"line":27,"column":43},"end":{"line":27,"column":44}},"loc":{"start":{"line":27,"column":56},"end":{"line":33,"column":5}},"line":27}},"branchMap":{"0":{"loc":{"start":{"line":2,"column":16},"end":{"line":10,"column":1}},"type":"binary-expr","locations":[{"start":{"line":2,"column":17},"end":{"line":2,"column":21}},{"start":{"line":2,"column":25},"end":{"line":2,"column":39}},{"start":{"line":2,"column":44},"end":{"line":10,"column":1}}],"line":2},"1":{"loc":{"start":{"line":3,"column":35},"end":{"line":3,"column":109}},"type":"cond-expr","locations":[{"start":{"line":3,"column":56},"end":{"line":3,"column":61}},{"start":{"line":3,"column":64},"end":{"line":3,"column":109}}],"line":3},"2":{"loc":{"start":{"line":4,"column":16},"end":{"line":4,"column":34}},"type":"binary-expr","locations":[{"start":{"line":4,"column":16},"end":{"line":4,"column":17}},{"start":{"line":4,"column":22},"end":{"line":4,"column":33}}],"line":4},"3":{"loc":{"start":{"line":7,"column":32},"end":{"line":7,"column":115}},"type":"cond-expr","locations":[{"start":{"line":7,"column":46},"end":{"line":7,"column":67}},{"start":{"line":7,"column":70},"end":{"line":7,"column":115}}],"line":7},"4":{"loc":{"start":{"line":8,"column":51},"end":{"line":8,"column":67}},"type":"binary-expr","locations":[{"start":{"line":8,"column":51},"end":{"line":8,"column":61}},{"start":{"line":8,"column":65},"end":{"line":8,"column":67}}],"line":8},"5":{"loc":{"start":{"line":11,"column":22},"end":{"line":13,"column":1}},"type":"binary-expr","locations":[{"start":{"line":11,"column":23},"end":{"line":11,"column":27}},{"start":{"line":11,"column":31},"end":{"line":11,"column":51}},{"start":{"line":11,"column":56},"end":{"line":13,"column":1}}],"line":11},"6":{"loc":{"start":{"line":12,"column":11},"end":{"line":12,"column":61}},"type":"cond-expr","locations":[{"start":{"line":12,"column":37},"end":{"line":12,"column":40}},{"start":{"line":12,"column":43},"end":{"line":12,"column":61}}],"line":12},"7":{"loc":{"start":{"line":12,"column":12},"end":{"line":12,"column":33}},"type":"binary-expr","locations":[{"start":{"line":12,"column":12},"end":{"line":12,"column":15}},{"start":{"line":12,"column":19},"end":{"line":12,"column":33}}],"line":12}},"s":{"0":1,"1":3,"2":0,"3":3,"4":3,"5":3,"6":0,"7":0,"8":0,"9":0,"10":6,"11":3,"12":1,"13":1,"14":1,"15":1,"16":1,"17":1,"18":0,"19":0,"20":0,"21":0,"22":1,"23":3,"24":3,"25":3,"26":1},"f":{"0":3,"1":3,"2":0,"3":3,"4":3,"5":0,"6":6,"7":1,"8":0,"9":0,"10":3,"11":3},"b":{"0":[1,1,1],"1":[3,0],"2":[3,3],"3":[3,3],"4":[3,3],"5":[1,1,1],"6":[1,0],"7":[1,1]},"inputSourceMap":{"version":3,"file":"get_all_orders.js","sourceRoot":"","sources":["../../../../src/controllers/orders/get_all_orders.ts"],"names":[],"mappings":";;;;;;;;;;;;;;;AACA,oEAAqC;AACrC,gDAAwD;AAExD,SAAsB,YAAY,CAAC,GAAY,EAAE,GAAa;;QAC7D,MAAM,QAAQ,GAAG,IAAI,mBAAQ,CAAC,IAAI,qBAAU,CAAC,kBAAE,CAAC,CAAC,CAAA;QAEjD,MAAM,MAAM,GAAG,MAAM,mBAAmB,CAAC,QAAQ,CAAC,CAAA;QAClD,GAAG,CAAC,MAAM,CAAC,MAAM,CAAC,MAAM,CAAC,CAAC,IAAI,CAAC,MAAM,CAAC,IAAI,CAAC,CAAA;IAC5C,CAAC;CAAA;AALD,oCAKC;AAED,SAAsB,mBAAmB,CAAC,QAAkB;;QAC3D,MAAM,MAAM,GAAG,MAAM,QAAQ,CAAC,YAAY,EAAE,CAAA;QAC5C,OAAO;YACN,MAAM,EAAE,GAAG;YACX,IAAI,EAAE,EAAC,MAAM,EAAC;SACd,CAAA;IACF,CAAC;CAAA;AAND,kDAMC"},"_coverageSchema":"1a1c01bbd47fc00a2c39e90264f33305004495a9","hash":"b4ba3d0ea595d199f4ede237dffec66e034f9dc1","contentHash":"b5dd123b554ef0deb5121873fdc0e4df5f912af2da51b473ffac0bd14cded210"},"C:\\Users\\GEOVANI\\Documents\\DMCHALLgit\\DM-CHALLv2\\dist\\src\\controllers\\orders\\get_order_by_id.js":{"path":"C:\\Users\\GEOVANI\\Documents\\DMCHALLgit\\DM-CHALLv2\\dist\\src\\controllers\\orders\\get_order_by_id.js","statementMap":{"0":{"start":{"line":2,"column":16},"end":{"line":10,"column":1}},"1":{"start":{"line":3,"column":28},"end":{"line":3,"column":110}},"2":{"start":{"line":3,"column":91},"end":{"line":3,"column":106}},"3":{"start":{"line":4,"column":4},"end":{"line":9,"column":7}},"4":{"start":{"line":5,"column":36},"end":{"line":5,"column":97}},"5":{"start":{"line":5,"column":42},"end":{"line":5,"column":70}},"6":{"start":{"line":5,"column":85},"end":{"line":5,"column":95}},"7":{"start":{"line":6,"column":35},"end":{"line":6,"column":100}},"8":{"start":{"line":6,"column":41},"end":{"line":6,"column":73}},"9":{"start":{"line":6,"column":88},"end":{"line":6,"column":98}},"10":{"start":{"line":7,"column":32},"end":{"line":7,"column":116}},"11":{"start":{"line":8,"column":8},"end":{"line":8,"column":78}},"12":{"start":{"line":11,"column":22},"end":{"line":13,"column":1}},"13":{"start":{"line":12,"column":4},"end":{"line":12,"column":62}},"14":{"start":{"line":14,"column":0},"end":{"line":14,"column":62}},"15":{"start":{"line":15,"column":0},"end":{"line":15,"column":56}},"16":{"start":{"line":16,"column":19},"end":{"line":16,"column":67}},"17":{"start":{"line":17,"column":19},"end":{"line":17,"column":47}},"18":{"start":{"line":18,"column":19},"end":{"line":18,"column":44}},"19":{"start":{"line":19,"column":17},"end":{"line":19,"column":40}},"20":{"start":{"line":20,"column":21},"end":{"line":20,"column":48}},"21":{"start":{"line":22,"column":4},"end":{"line":27,"column":7}},"22":{"start":{"line":23,"column":23},"end":{"line":23,"column":33}},"23":{"start":{"line":24,"column":25},"end":{"line":24,"column":95}},"24":{"start":{"line":25,"column":33},"end":{"line":25,"column":68}},"25":{"start":{"line":26,"column":8},"end":{"line":26,"column":38}},"26":{"start":{"line":29,"column":0},"end":{"line":29,"column":36}},"27":{"start":{"line":31,"column":4},"end":{"line":36,"column":7}},"28":{"start":{"line":32,"column":8},"end":{"line":33,"column":58}},"29":{"start":{"line":33,"column":12},"end":{"line":33,"column":58}},"30":{"start":{"line":34,"column":23},"end":{"line":34,"column":50}},"31":{"start":{"line":35,"column":8},"end":{"line":35,"column":163}},"32":{"start":{"line":35,"column":73},"end":{"line":35,"column":105}},"33":{"start":{"line":35,"column":122},"end":{"line":35,"column":158}},"34":{"start":{"line":38,"column":0},"end":{"line":38,"column":42}}},"fnMap":{"0":{"name":"(anonymous_0)","decl":{"start":{"line":2,"column":44},"end":{"line":2,"column":45}},"loc":{"start":{"line":2,"column":89},"end":{"line":10,"column":1}},"line":2},"1":{"name":"adopt","decl":{"start":{"line":3,"column":13},"end":{"line":3,"column":18}},"loc":{"start":{"line":3,"column":26},"end":{"line":3,"column":112}},"line":3},"2":{"name":"(anonymous_2)","decl":{"start":{"line":3,"column":70},"end":{"line":3,"column":71}},"loc":{"start":{"line":3,"column":89},"end":{"line":3,"column":108}},"line":3},"3":{"name":"(anonymous_3)","decl":{"start":{"line":4,"column":36},"end":{"line":4,"column":37}},"loc":{"start":{"line":4,"column":63},"end":{"line":9,"column":5}},"line":4},"4":{"name":"fulfilled","decl":{"start":{"line":5,"column":17},"end":{"line":5,"column":26}},"loc":{"start":{"line":5,"column":34},"end":{"line":5,"column":99}},"line":5},"5":{"name":"rejected","decl":{"start":{"line":6,"column":17},"end":{"line":6,"column":25}},"loc":{"start":{"line":6,"column":33},"end":{"line":6,"column":102}},"line":6},"6":{"name":"step","decl":{"start":{"line":7,"column":17},"end":{"line":7,"column":21}},"loc":{"start":{"line":7,"column":30},"end":{"line":7,"column":118}},"line":7},"7":{"name":"(anonymous_7)","decl":{"start":{"line":11,"column":56},"end":{"line":11,"column":57}},"loc":{"start":{"line":11,"column":71},"end":{"line":13,"column":1}},"line":11},"8":{"name":"getOrderById","decl":{"start":{"line":21,"column":9},"end":{"line":21,"column":21}},"loc":{"start":{"line":21,"column":32},"end":{"line":28,"column":1}},"line":21},"9":{"name":"(anonymous_9)","decl":{"start":{"line":22,"column":43},"end":{"line":22,"column":44}},"loc":{"start":{"line":22,"column":56},"end":{"line":27,"column":5}},"line":22},"10":{"name":"handlerGetOrder","decl":{"start":{"line":30,"column":9},"end":{"line":30,"column":24}},"loc":{"start":{"line":30,"column":39},"end":{"line":37,"column":1}},"line":30},"11":{"name":"(anonymous_11)","decl":{"start":{"line":31,"column":43},"end":{"line":31,"column":44}},"loc":{"start":{"line":31,"column":56},"end":{"line":36,"column":5}},"line":31},"12":{"name":"(anonymous_12)","decl":{"start":{"line":35,"column":64},"end":{"line":35,"column":65}},"loc":{"start":{"line":35,"column":71},"end":{"line":35,"column":107}},"line":35},"13":{"name":"(anonymous_13)","decl":{"start":{"line":35,"column":109},"end":{"line":35,"column":110}},"loc":{"start":{"line":35,"column":120},"end":{"line":35,"column":160}},"line":35}},"branchMap":{"0":{"loc":{"start":{"line":2,"column":16},"end":{"line":10,"column":1}},"type":"binary-expr","locations":[{"start":{"line":2,"column":17},"end":{"line":2,"column":21}},{"start":{"line":2,"column":25},"end":{"line":2,"column":39}},{"start":{"line":2,"column":44},"end":{"line":10,"column":1}}],"line":2},"1":{"loc":{"start":{"line":3,"column":35},"end":{"line":3,"column":109}},"type":"cond-expr","locations":[{"start":{"line":3,"column":56},"end":{"line":3,"column":61}},{"start":{"line":3,"column":64},"end":{"line":3,"column":109}}],"line":3},"2":{"loc":{"start":{"line":4,"column":16},"end":{"line":4,"column":34}},"type":"binary-expr","locations":[{"start":{"line":4,"column":16},"end":{"line":4,"column":17}},{"start":{"line":4,"column":22},"end":{"line":4,"column":33}}],"line":4},"3":{"loc":{"start":{"line":7,"column":32},"end":{"line":7,"column":115}},"type":"cond-expr","locations":[{"start":{"line":7,"column":46},"end":{"line":7,"column":67}},{"start":{"line":7,"column":70},"end":{"line":7,"column":115}}],"line":7},"4":{"loc":{"start":{"line":8,"column":51},"end":{"line":8,"column":67}},"type":"binary-expr","locations":[{"start":{"line":8,"column":51},"end":{"line":8,"column":61}},{"start":{"line":8,"column":65},"end":{"line":8,"column":67}}],"line":8},"5":{"loc":{"start":{"line":11,"column":22},"end":{"line":13,"column":1}},"type":"binary-expr","locations":[{"start":{"line":11,"column":23},"end":{"line":11,"column":27}},{"start":{"line":11,"column":31},"end":{"line":11,"column":51}},{"start":{"line":11,"column":56},"end":{"line":13,"column":1}}],"line":11},"6":{"loc":{"start":{"line":12,"column":11},"end":{"line":12,"column":61}},"type":"cond-expr","locations":[{"start":{"line":12,"column":37},"end":{"line":12,"column":40}},{"start":{"line":12,"column":43},"end":{"line":12,"column":61}}],"line":12},"7":{"loc":{"start":{"line":12,"column":12},"end":{"line":12,"column":33}},"type":"binary-expr","locations":[{"start":{"line":12,"column":12},"end":{"line":12,"column":15}},{"start":{"line":12,"column":19},"end":{"line":12,"column":33}}],"line":12},"8":{"loc":{"start":{"line":32,"column":8},"end":{"line":33,"column":58}},"type":"if","locations":[{"start":{"line":32,"column":8},"end":{"line":33,"column":58}},{"start":{"line":32,"column":8},"end":{"line":33,"column":58}}],"line":32}},"s":{"0":1,"1":2,"2":0,"3":2,"4":2,"5":2,"6":0,"7":0,"8":0,"9":0,"10":4,"11":2,"12":1,"13":1,"14":1,"15":1,"16":1,"17":1,"18":1,"19":1,"20":1,"21":0,"22":0,"23":0,"24":0,"25":0,"26":1,"27":2,"28":2,"29":0,"30":2,"31":2,"32":1,"33":1,"34":1},"f":{"0":2,"1":2,"2":0,"3":2,"4":2,"5":0,"6":4,"7":1,"8":0,"9":0,"10":2,"11":2,"12":1,"13":1},"b":{"0":[1,1,1],"1":[2,0],"2":[2,2],"3":[2,2],"4":[2,2],"5":[1,1,1],"6":[1,0],"7":[1,1],"8":[0,2]},"inputSourceMap":{"version":3,"file":"get_order_by_id.js","sourceRoot":"","sources":["../../../../src/controllers/orders/get_order_by_id.ts"],"names":[],"mappings":";;;;;;;;;;;;;;;AACA,oEAAqC;AACrC,gDAAwD;AACxD,6CAAqC;AACrC,yCAAoC;AACpC,iDAAqD;AAErD,SAAsB,YAAY,CAAC,GAAY,EAAE,GAAa;;QAC7D,MAAM,EAAE,EAAE,EAAE,GAAG,GAAG,CAAC,MAAM,CAAA;QACzB,MAAM,QAAQ,GAAG,IAAI,mBAAQ,CAAC,IAAI,qBAAU,CAAC,kBAAE,CAAC,CAAC,CAAA;QAEjD,MAAM,EAAE,MAAM,EAAE,IAAI,EAAE,GAAG,MAAM,eAAe,CAAC,QAAQ,EAAE,EAAE,CAAC,CAAA;QAC5D,GAAG,CAAC,MAAM,CAAC,MAAM,CAAC,CAAC,IAAI,CAAC,IAAI,CAAC,CAAA;IAC9B,CAAC;CAAA;AAND,oCAMC;AAED,SAAsB,eAAe,CAAC,QAAkB,EAAE,EAAO;;QAChE,IAAI,CAAC,IAAA,+BAAkB,EAAC,EAAE,CAAC;YAC1B,OAAO,EAAE,MAAM,EAAE,GAAG,EAAE,IAAI,EAAE,eAAe,EAAE,CAAA;QAE9C,MAAM,MAAM,GAAG,MAAM,QAAQ,CAAC,QAAQ,CAAC,EAAE,CAAC,CAAA;QAE1C,OAAO,IAAA,eAAI,EAAC,MAAM,EAAE,IAAA,cAAK,EACxB,CAAC,CAAC,EAAE,EAAE,GAAG,OAAO,EAAE,MAAM,EAAE,GAAG,EAAE,IAAI,EAAE,CAAQ,EAAE,CAAA,CAAC,CAAC,EACjD,CAAC,KAAK,EAAE,EAAE,GAAG,OAAO,EAAE,MAAM,EAAE,GAAG,EAAE,IAAI,EAAE,KAAK,EAAE,CAAA,CAAA,CAAC,CACjD,CAAC,CAAA;IACH,CAAC;CAAA;AAVD,0CAUC"},"_coverageSchema":"1a1c01bbd47fc00a2c39e90264f33305004495a9","hash":"ac6d9489468ed5d743577c1f6656eaddb51d7423","contentHash":"712a7ce5b5673fdbc1d478e6f9c3efa5bca927108adecca0d28a2e6ec005017e"}}